<?xml version="1.0" encoding="UTF-8"?>
<!-- Generated by org.testng.reporters.JUnitXMLReporter -->
<testsuite hostname="DESKTOP-3ND57S0" ignored="0" name="Surefire test" tests="44" failures="3" timestamp="07 Feb 2018 00:16:17 GMT" time="698.796" errors="0">
  <testcase name="verifyUserNameTest" time="0.149" classname="com.jusdone.qa.testcases.DashBoardTest"/>
  <testcase name="Landingpagetitletest" time="0.072" classname="com.jusdone.qa.testcases.LandingPageTest"/>
  <testcase name="verifyLoginNameTest" time="0.227" classname="com.jusdone.qa.testcases.LoginPageTest"/>
  <testcase name="verifyRegisterNameTest" time="0.323" classname="com.jusdone.qa.testcases.RegistrationPageTest"/>
  <testcase name="verifyCreateNewTaskLinkTest" time="3.163" classname="com.jusdone.qa.testcases.TaskPageTest"/>
  <testcase name="verifySearchBox" time="0.147" classname="com.jusdone.qa.testcases.DashBoardTest"/>
  <testcase name="SignUpLogoTest" time="0.17" classname="com.jusdone.qa.testcases.LandingPageTest"/>
  <testcase name="verifyLoginBtnTest" time="0.285" classname="com.jusdone.qa.testcases.LoginPageTest"/>
  <testcase name="VerifySignInBtnTest" time="0.878" classname="com.jusdone.qa.testcases.RegistrationPageTest"/>
  <testcase name="verifyMembersLinkTest" time="0.373" classname="com.jusdone.qa.testcases.TaskPageTest"/>
  <testcase name="verifyTeamsLabel" time="0.168" classname="com.jusdone.qa.testcases.DashBoardTest"/>
  <testcase name="LoginLogoTest" time="0.147" classname="com.jusdone.qa.testcases.LandingPageTest"/>
  <testcase name="verifyForgotPasswordTest" time="0.163" classname="com.jusdone.qa.testcases.LoginPageTest"/>
  <testcase name="VerifyValidInputs" time="25.084" classname="com.jusdone.qa.testcases.RegistrationPageTest">
    <failure type="org.openqa.selenium.NoSuchElementException" message="no such element: Unable to locate element: {&amp;quot;method&amp;quot;:&amp;quot;xpath&amp;quot;,&amp;quot;selector&amp;quot;:&amp;quot;//*[@id=&amp;apos;sidebar&amp;apos;]/div/p[1]&amp;quot;}
  (Session info: chrome=63.0.3239.132)
  (Driver info: chromedriver=2.33.506120 (e3e53437346286c0bc2d2dc9aa4915ba81d9023f),platform=Windows NT 10.0.16299 x86_64) (WARNING: The server did not provide any stacktrace information)
Command duration or timeout: 0 milliseconds
For documentation on this error, please visit: http://seleniumhq.org/exceptions/no_such_element.html
Build info: version: &amp;apos;3.6.0&amp;apos;, revision: &amp;apos;6fbf3ec767&amp;apos;, time: &amp;apos;2017-09-27T15:28:36.4Z&amp;apos;
System info: host: &amp;apos;DESKTOP-3ND57S0&amp;apos;, ip: &amp;apos;192.168.1.193&amp;apos;, os.name: &amp;apos;Windows 10&amp;apos;, os.arch: &amp;apos;amd64&amp;apos;, os.version: &amp;apos;10.0&amp;apos;, java.version: &amp;apos;1.8.0_151&amp;apos;
Driver info: org.openqa.selenium.chrome.ChromeDriver
Capabilities [{mobileEmulationEnabled=false, hasTouchScreen=false, platform=XP, acceptSslCerts=true, webStorageEnabled=true, browserName=chrome, takesScreenshot=true, javascriptEnabled=true, platformName=XP, setWindowRect=true, unexpectedAlertBehaviour=, applicationCacheEnabled=false, rotatable=false, networkConnectionEnabled=false, chrome={chromedriverVersion=2.33.506120 (e3e53437346286c0bc2d2dc9aa4915ba81d9023f), userDataDir=C:\Users\Murali\AppData\Local\Temp\scoped_dir8088_30357}, takesHeapSnapshot=true, pageLoadStrategy=normal, unhandledPromptBehavior=, databaseEnabled=false, handlesAlerts=true, version=63.0.3239.132, browserConnectionEnabled=false, nativeEvents=true, locationContextEnabled=true, cssSelectorsEnabled=true}]
Session ID: 5dbd82ad703f7e58e34eecf1f98eabb3
*** Element info: {Using=xpath, value=//*[@id=&amp;apos;sidebar&amp;apos;]/div/p[1]}">
      <![CDATA[org.openqa.selenium.NoSuchElementException: no such element: Unable to locate element: {"method":"xpath","selector":"//*[@id='sidebar']/div/p[1]"}
  (Session info: chrome=63.0.3239.132)
  (Driver info: chromedriver=2.33.506120 (e3e53437346286c0bc2d2dc9aa4915ba81d9023f),platform=Windows NT 10.0.16299 x86_64) (WARNING: The server did not provide any stacktrace information)
Command duration or timeout: 0 milliseconds
For documentation on this error, please visit: http://seleniumhq.org/exceptions/no_such_element.html
Build info: version: '3.6.0', revision: '6fbf3ec767', time: '2017-09-27T15:28:36.4Z'
System info: host: 'DESKTOP-3ND57S0', ip: '192.168.1.193', os.name: 'Windows 10', os.arch: 'amd64', os.version: '10.0', java.version: '1.8.0_151'
Driver info: org.openqa.selenium.chrome.ChromeDriver
Capabilities [{mobileEmulationEnabled=false, hasTouchScreen=false, platform=XP, acceptSslCerts=true, webStorageEnabled=true, browserName=chrome, takesScreenshot=true, javascriptEnabled=true, platformName=XP, setWindowRect=true, unexpectedAlertBehaviour=, applicationCacheEnabled=false, rotatable=false, networkConnectionEnabled=false, chrome={chromedriverVersion=2.33.506120 (e3e53437346286c0bc2d2dc9aa4915ba81d9023f), userDataDir=C:\Users\Murali\AppData\Local\Temp\scoped_dir8088_30357}, takesHeapSnapshot=true, pageLoadStrategy=normal, unhandledPromptBehavior=, databaseEnabled=false, handlesAlerts=true, version=63.0.3239.132, browserConnectionEnabled=false, nativeEvents=true, locationContextEnabled=true, cssSelectorsEnabled=true}]
Session ID: 5dbd82ad703f7e58e34eecf1f98eabb3
*** Element info: {Using=xpath, value=//*[@id='sidebar']/div/p[1]}
	at org.openqa.selenium.remote.ErrorHandler.createThrowable(ErrorHandler.java:214)
	at org.openqa.selenium.remote.ErrorHandler.throwIfResponseFailed(ErrorHandler.java:166)
	at org.openqa.selenium.remote.http.JsonHttpResponseCodec.reconstructValue(JsonHttpResponseCodec.java:40)
	at org.openqa.selenium.remote.http.AbstractHttpResponseCodec.decode(AbstractHttpResponseCodec.java:82)
	at org.openqa.selenium.remote.http.AbstractHttpResponseCodec.decode(AbstractHttpResponseCodec.java:45)
	at org.openqa.selenium.remote.HttpCommandExecutor.execute(HttpCommandExecutor.java:164)
	at org.openqa.selenium.remote.service.DriverCommandExecutor.execute(DriverCommandExecutor.java:83)
	at org.openqa.selenium.remote.RemoteWebDriver.execute(RemoteWebDriver.java:586)
	at org.openqa.selenium.remote.RemoteWebDriver.findElement(RemoteWebDriver.java:356)
	at org.openqa.selenium.remote.RemoteWebDriver.findElementByXPath(RemoteWebDriver.java:458)
	at org.openqa.selenium.By$ByXPath.findElement(By.java:361)
	at org.openqa.selenium.remote.RemoteWebDriver.findElement(RemoteWebDriver.java:348)
	at org.openqa.selenium.support.pagefactory.DefaultElementLocator.findElement(DefaultElementLocator.java:69)
	at org.openqa.selenium.support.pagefactory.internal.LocatingElementHandler.invoke(LocatingElementHandler.java:38)
	at com.sun.proxy.$Proxy8.getWrappedElement(Unknown Source)
	at org.openqa.selenium.remote.internal.WebElementToJsonConverter.apply(WebElementToJsonConverter.java:51)
	at com.google.common.collect.Iterators$6.transform(Iterators.java:820)
	at com.google.common.collect.TransformedIterator.next(TransformedIterator.java:48)
	at com.google.common.collect.Iterators.addAll(Iterators.java:373)
	at com.google.common.collect.Lists.newArrayList(Lists.java:165)
	at com.google.common.collect.Lists.newArrayList(Lists.java:150)
	at org.openqa.selenium.remote.RemoteWebDriver.executeScript(RemoteWebDriver.java:520)
	at com.jusdone.qa.pages.RegistrationPage.VerifyValidInputs(RegistrationPage.java:114)
	at com.jusdone.qa.testcases.RegistrationPageTest.VerifyValidInputs(RegistrationPageTest.java:68)
... Removed 33 stack frames]]>
    </failure>
  </testcase> <!-- VerifyValidInputs -->
  <testcase name="verifySettingsLinkTest" time="0.135" classname="com.jusdone.qa.testcases.TaskPageTest"/>
  <testcase name="verifyDashBoardTab" time="0.126" classname="com.jusdone.qa.testcases.DashBoardTest"/>
  <testcase name="AboutusLogoTest" time="0.188" classname="com.jusdone.qa.testcases.LandingPageTest"/>
  <testcase name="verifyCtrAnAcctTest" time="0.18" classname="com.jusdone.qa.testcases.LoginPageTest"/>
  <testcase name="ExistingUser" time="5.08" classname="com.jusdone.qa.testcases.RegistrationPageTest"/>
  <testcase name="ClickCreateNewTaskLinkTest" time="4.187" classname="com.jusdone.qa.testcases.TaskPageTest"/>
  <testcase name="verifyTaskTabTest" time="0.148" classname="com.jusdone.qa.testcases.DashBoardTest"/>
  <testcase name="ContactusLogoTest" time="0.163" classname="com.jusdone.qa.testcases.LandingPageTest"/>
  <testcase name="verifyRememberMeTest" time="0.218" classname="com.jusdone.qa.testcases.LoginPageTest">
    <failure type="java.lang.AssertionError" message="expected [true] but found [false]">
      <![CDATA[java.lang.AssertionError: expected [true] but found [false]
	at com.jusdone.qa.testcases.LoginPageTest.verifyRememberMeTest(LoginPageTest.java:66)
... Removed 33 stack frames]]>
    </failure>
  </testcase> <!-- verifyRememberMeTest -->
  <testcase name="PwdandConfirmPasswordnotMatched" time="5.159" classname="com.jusdone.qa.testcases.RegistrationPageTest"/>
  <testcase name="SpecialChracters" time="4.79" classname="com.jusdone.qa.testcases.RegistrationPageTest"/>
  <testcase name="verifyTeamsTab" time="0.137" classname="com.jusdone.qa.testcases.DashBoardTest"/>
  <testcase name="ClickbtnTest" time="4.612" classname="com.jusdone.qa.testcases.LandingPageTest"/>
  <testcase name="ValidLoginTest" time="5.546" classname="com.jusdone.qa.testcases.LoginPageTest"/>
  <testcase name="BlankNameField" time="4.183" classname="com.jusdone.qa.testcases.RegistrationPageTest"/>
  <testcase name="verifyInvitesTab" time="0.12" classname="com.jusdone.qa.testcases.DashBoardTest"/>
  <testcase name="Clickbtn1Test" time="8.238" classname="com.jusdone.qa.testcases.LandingPageTest"/>
  <testcase name="InValidLoginTest" time="3.112" classname="com.jusdone.qa.testcases.LoginPageTest"/>
  <testcase name="ClickSignInBtnTest" time="1.431" classname="com.jusdone.qa.testcases.RegistrationPageTest"/>
  <testcase name="verifySettingsTab" time="0.123" classname="com.jusdone.qa.testcases.DashBoardTest"/>
  <testcase name="BlankEmailTest" time="2.145" classname="com.jusdone.qa.testcases.LoginPageTest"/>
  <testcase name="verifyMenuBar" time="0.132" classname="com.jusdone.qa.testcases.DashBoardTest"/>
  <testcase name="VerifyCreateNewTeamBtn" time="0.15" classname="com.jusdone.qa.testcases.DashBoardTest"/>
  <testcase name="VerifyBellBtn" time="0.122" classname="com.jusdone.qa.testcases.DashBoardTest"/>
  <testcase name="VerifyLogOutBtn" time="0.123" classname="com.jusdone.qa.testcases.DashBoardTest"/>
  <testcase name="EnteringTeamInputsTest" time="4.29" classname="com.jusdone.qa.testcases.DashBoardTest"/>
  <testcase name="CreateNewTaskLinkTest" time="0.146" classname="com.jusdone.qa.testcases.DashBoardTest"/>
  <testcase name="ClickTaskTabTest" time="1.647" classname="com.jusdone.qa.testcases.DashBoardTest"/>
  <testcase name="ClickCreateNewTaskLinkTest" time="0.176" classname="com.jusdone.qa.testcases.DashBoardTest">
    <failure type="org.openqa.selenium.ElementNotVisibleException" message="element not visible
  (Session info: chrome=63.0.3239.132)
  (Driver info: chromedriver=2.33.506120 (e3e53437346286c0bc2d2dc9aa4915ba81d9023f),platform=Windows NT 10.0.16299 x86_64) (WARNING: The server did not provide any stacktrace information)
Command duration or timeout: 0 milliseconds
Build info: version: &amp;apos;3.6.0&amp;apos;, revision: &amp;apos;6fbf3ec767&amp;apos;, time: &amp;apos;2017-09-27T15:28:36.4Z&amp;apos;
System info: host: &amp;apos;DESKTOP-3ND57S0&amp;apos;, ip: &amp;apos;192.168.1.193&amp;apos;, os.name: &amp;apos;Windows 10&amp;apos;, os.arch: &amp;apos;amd64&amp;apos;, os.version: &amp;apos;10.0&amp;apos;, java.version: &amp;apos;1.8.0_151&amp;apos;
Driver info: org.openqa.selenium.chrome.ChromeDriver
Capabilities [{mobileEmulationEnabled=false, hasTouchScreen=false, platform=XP, acceptSslCerts=true, webStorageEnabled=true, browserName=chrome, takesScreenshot=true, javascriptEnabled=true, platformName=XP, setWindowRect=true, unexpectedAlertBehaviour=, applicationCacheEnabled=false, rotatable=false, networkConnectionEnabled=false, chrome={chromedriverVersion=2.33.506120 (e3e53437346286c0bc2d2dc9aa4915ba81d9023f), userDataDir=C:\Users\Murali\AppData\Local\Temp\scoped_dir5160_17592}, takesHeapSnapshot=true, pageLoadStrategy=normal, unhandledPromptBehavior=, databaseEnabled=false, handlesAlerts=true, version=63.0.3239.132, browserConnectionEnabled=false, nativeEvents=true, locationContextEnabled=true, cssSelectorsEnabled=true}]
Session ID: 24d300fcf97d37d523b713ca0ee8f459">
      <![CDATA[org.openqa.selenium.ElementNotVisibleException: element not visible
  (Session info: chrome=63.0.3239.132)
  (Driver info: chromedriver=2.33.506120 (e3e53437346286c0bc2d2dc9aa4915ba81d9023f),platform=Windows NT 10.0.16299 x86_64) (WARNING: The server did not provide any stacktrace information)
Command duration or timeout: 0 milliseconds
Build info: version: '3.6.0', revision: '6fbf3ec767', time: '2017-09-27T15:28:36.4Z'
System info: host: 'DESKTOP-3ND57S0', ip: '192.168.1.193', os.name: 'Windows 10', os.arch: 'amd64', os.version: '10.0', java.version: '1.8.0_151'
Driver info: org.openqa.selenium.chrome.ChromeDriver
Capabilities [{mobileEmulationEnabled=false, hasTouchScreen=false, platform=XP, acceptSslCerts=true, webStorageEnabled=true, browserName=chrome, takesScreenshot=true, javascriptEnabled=true, platformName=XP, setWindowRect=true, unexpectedAlertBehaviour=, applicationCacheEnabled=false, rotatable=false, networkConnectionEnabled=false, chrome={chromedriverVersion=2.33.506120 (e3e53437346286c0bc2d2dc9aa4915ba81d9023f), userDataDir=C:\Users\Murali\AppData\Local\Temp\scoped_dir5160_17592}, takesHeapSnapshot=true, pageLoadStrategy=normal, unhandledPromptBehavior=, databaseEnabled=false, handlesAlerts=true, version=63.0.3239.132, browserConnectionEnabled=false, nativeEvents=true, locationContextEnabled=true, cssSelectorsEnabled=true}]
Session ID: 24d300fcf97d37d523b713ca0ee8f459
	at org.openqa.selenium.remote.ErrorHandler.createThrowable(ErrorHandler.java:214)
	at org.openqa.selenium.remote.ErrorHandler.throwIfResponseFailed(ErrorHandler.java:166)
	at org.openqa.selenium.remote.http.JsonHttpResponseCodec.reconstructValue(JsonHttpResponseCodec.java:40)
	at org.openqa.selenium.remote.http.AbstractHttpResponseCodec.decode(AbstractHttpResponseCodec.java:82)
	at org.openqa.selenium.remote.http.AbstractHttpResponseCodec.decode(AbstractHttpResponseCodec.java:45)
	at org.openqa.selenium.remote.HttpCommandExecutor.execute(HttpCommandExecutor.java:164)
	at org.openqa.selenium.remote.service.DriverCommandExecutor.execute(DriverCommandExecutor.java:83)
	at org.openqa.selenium.remote.RemoteWebDriver.execute(RemoteWebDriver.java:586)
	at org.openqa.selenium.remote.RemoteWebElement.execute(RemoteWebElement.java:279)
	at org.openqa.selenium.remote.RemoteWebElement.click(RemoteWebElement.java:83)
	at org.openqa.selenium.support.pagefactory.internal.LocatingElementHandler.invoke(LocatingElementHandler.java:51)
	at com.sun.proxy.$Proxy8.click(Unknown Source)
	at com.jusdone.qa.pages.DashBoardPage.ClickCreateNewTaskLink(DashBoardPage.java:190)
	at com.jusdone.qa.testcases.DashBoardTest.ClickCreateNewTaskLinkTest(DashBoardTest.java:123)
... Removed 36 stack frames]]>
    </failure>
  </testcase> <!-- ClickCreateNewTaskLinkTest -->
  <testcase name="ClickLogOutBtnTest" time="1.305" classname="com.jusdone.qa.testcases.DashBoardTest"/>
</testsuite> <!-- Surefire test -->
