<html>
<head>
<title>TestNG:  Surefire test</title>
<link href="../testng.css" rel="stylesheet" type="text/css" />
<link href="../my-testng.css" rel="stylesheet" type="text/css" />

<style type="text/css">
.log { display: none;} 
.stack-trace { display: none;} 
</style>
<script type="text/javascript">
<!--
function flip(e) {
  current = e.style.display;
  if (current == 'block') {
    e.style.display = 'none';
    return 0;
  }
  else {
    e.style.display = 'block';
    return 1;
  }
}

function toggleBox(szDivId, elem, msg1, msg2)
{
  var res = -1;  if (document.getElementById) {
    res = flip(document.getElementById(szDivId));
  }
  else if (document.all) {
    // this is the way old msie versions work
    res = flip(document.all[szDivId]);
  }
  if(elem) {
    if(res == 0) elem.innerHTML = msg1; else elem.innerHTML = msg2;
  }

}

function toggleAllBoxes() {
  if (document.getElementsByTagName) {
    d = document.getElementsByTagName('div');
    for (i = 0; i < d.length; i++) {
      if (d[i].className == 'log') {
        flip(d[i]);
      }
    }
  }
}

// -->
</script>

</head>
<body>
<h2 align='center'>Surefire test</h2><table border='1' align="center">
<tr>
<td>Tests passed/Failed/Skipped:</td><td>41/3/0</td>
</tr><tr>
<td>Started on:</td><td>Tue Feb 06 18:04:38 CST 2018</td>
</tr>
<tr><td>Total time:</td><td>698 seconds (698796 ms)</td>
</tr><tr>
<td>Included groups:</td><td></td>
</tr><tr>
<td>Excluded groups:</td><td></td>
</tr>
</table><p/>
<small><i>(Hover the method name to see the test class name)</i></small><p/>
<table width='100%' border='1' class='invocation-failed'>
<tr><td colspan='4' align='center'><b>FAILED TESTS</b></td></tr>
<tr><td><b>Test method</b></td>
<td width="30%"><b>Exception</b></td>
<td width="10%"><b>Time (seconds)</b></td>
<td><b>Instance</b></td>
</tr>
<tr>
<td title='com.jusdone.qa.testcases.DashBoardTest.ClickCreateNewTaskLinkTest()'><b>ClickCreateNewTaskLinkTest</b><br>Test class: com.jusdone.qa.testcases.DashBoardTest</td>
<td><div><pre>org.openqa.selenium.ElementNotVisibleException: element not visible
  (Session info: chrome=63.0.3239.132)
  (Driver info: chromedriver=2.33.506120 (e3e53437346286c0bc2d2dc9aa4915ba81d9023f),platform=Windows NT 10.0.16299 x86_64) (WARNING: The server did not provide any stacktrace information)
Command duration or timeout: 0 milliseconds
Build info: version: &apos;3.6.0&apos;, revision: &apos;6fbf3ec767&apos;, time: &apos;2017-09-27T15:28:36.4Z&apos;
System info: host: &apos;DESKTOP-3ND57S0&apos;, ip: &apos;192.168.1.193&apos;, os.name: &apos;Windows 10&apos;, os.arch: &apos;amd64&apos;, os.version: &apos;10.0&apos;, java.version: &apos;1.8.0_151&apos;
Driver info: org.openqa.selenium.chrome.ChromeDriver
Capabilities [{mobileEmulationEnabled=false, hasTouchScreen=false, platform=XP, acceptSslCerts=true, webStorageEnabled=true, browserName=chrome, takesScreenshot=true, javascriptEnabled=true, platformName=XP, setWindowRect=true, unexpectedAlertBehaviour=, applicationCacheEnabled=false, rotatable=false, networkConnectionEnabled=false, chrome={chromedriverVersion=2.33.506120 (e3e53437346286c0bc2d2dc9aa4915ba81d9023f), userDataDir=C:\Users\Murali\AppData\Local\Temp\scoped_dir5160_17592}, takesHeapSnapshot=true, pageLoadStrategy=normal, unhandledPromptBehavior=, databaseEnabled=false, handlesAlerts=true, version=63.0.3239.132, browserConnectionEnabled=false, nativeEvents=true, locationContextEnabled=true, cssSelectorsEnabled=true}]
Session ID: 24d300fcf97d37d523b713ca0ee8f459
	at org.openqa.selenium.remote.ErrorHandler.createThrowable(ErrorHandler.java:214)
	at org.openqa.selenium.remote.ErrorHandler.throwIfResponseFailed(ErrorHandler.java:166)
	at org.openqa.selenium.remote.http.JsonHttpResponseCodec.reconstructValue(JsonHttpResponseCodec.java:40)
	at org.openqa.selenium.remote.http.AbstractHttpResponseCodec.decode(AbstractHttpResponseCodec.java:82)
	at org.openqa.selenium.remote.http.AbstractHttpResponseCodec.decode(AbstractHttpResponseCodec.java:45)
	at org.openqa.selenium.remote.HttpCommandExecutor.execute(HttpCommandExecutor.java:164)
	at org.openqa.selenium.remote.service.DriverCommandExecutor.execute(DriverCommandExecutor.java:83)
	at org.openqa.selenium.remote.RemoteWebDriver.execute(RemoteWebDriver.java:586)
	at org.openqa.selenium.remote.RemoteWebElement.execute(RemoteWebElement.java:279)
	at org.openqa.selenium.remote.RemoteWebElement.click(RemoteWebElement.java:83)
	at org.openqa.selenium.support.pagefactory.internal.LocatingElementHandler.invoke(LocatingElementHandler.java:51)
	at com.sun.proxy.$Proxy8.click(Unknown Source)
	at com.jusdone.qa.pages.DashBoardPage.ClickCreateNewTaskLink(DashBoardPage.java:190)
	at com.jusdone.qa.testcases.DashBoardTest.ClickCreateNewTaskLinkTest(DashBoardTest.java:123)
... Removed 36 stack frames</pre></div><a href='#' onClick='toggleBox("stack-trace593768538", this, "Click to show all stack frames", "Click to hide stack frames")'>Click to show all stack frames</a>
<div class='stack-trace' id='stack-trace593768538'><pre>org.openqa.selenium.ElementNotVisibleException: element not visible
  (Session info: chrome=63.0.3239.132)
  (Driver info: chromedriver=2.33.506120 (e3e53437346286c0bc2d2dc9aa4915ba81d9023f),platform=Windows NT 10.0.16299 x86_64) (WARNING: The server did not provide any stacktrace information)
Command duration or timeout: 0 milliseconds
Build info: version: &apos;3.6.0&apos;, revision: &apos;6fbf3ec767&apos;, time: &apos;2017-09-27T15:28:36.4Z&apos;
System info: host: &apos;DESKTOP-3ND57S0&apos;, ip: &apos;192.168.1.193&apos;, os.name: &apos;Windows 10&apos;, os.arch: &apos;amd64&apos;, os.version: &apos;10.0&apos;, java.version: &apos;1.8.0_151&apos;
Driver info: org.openqa.selenium.chrome.ChromeDriver
Capabilities [{mobileEmulationEnabled=false, hasTouchScreen=false, platform=XP, acceptSslCerts=true, webStorageEnabled=true, browserName=chrome, takesScreenshot=true, javascriptEnabled=true, platformName=XP, setWindowRect=true, unexpectedAlertBehaviour=, applicationCacheEnabled=false, rotatable=false, networkConnectionEnabled=false, chrome={chromedriverVersion=2.33.506120 (e3e53437346286c0bc2d2dc9aa4915ba81d9023f), userDataDir=C:\Users\Murali\AppData\Local\Temp\scoped_dir5160_17592}, takesHeapSnapshot=true, pageLoadStrategy=normal, unhandledPromptBehavior=, databaseEnabled=false, handlesAlerts=true, version=63.0.3239.132, browserConnectionEnabled=false, nativeEvents=true, locationContextEnabled=true, cssSelectorsEnabled=true}]
Session ID: 24d300fcf97d37d523b713ca0ee8f459
	at sun.reflect.NativeConstructorAccessorImpl.newInstance0(Native Method)
	at sun.reflect.NativeConstructorAccessorImpl.newInstance(NativeConstructorAccessorImpl.java:62)
	at sun.reflect.DelegatingConstructorAccessorImpl.newInstance(DelegatingConstructorAccessorImpl.java:45)
	at java.lang.reflect.Constructor.newInstance(Constructor.java:423)
	at org.openqa.selenium.remote.ErrorHandler.createThrowable(ErrorHandler.java:214)
	at org.openqa.selenium.remote.ErrorHandler.throwIfResponseFailed(ErrorHandler.java:166)
	at org.openqa.selenium.remote.http.JsonHttpResponseCodec.reconstructValue(JsonHttpResponseCodec.java:40)
	at org.openqa.selenium.remote.http.AbstractHttpResponseCodec.decode(AbstractHttpResponseCodec.java:82)
	at org.openqa.selenium.remote.http.AbstractHttpResponseCodec.decode(AbstractHttpResponseCodec.java:45)
	at org.openqa.selenium.remote.HttpCommandExecutor.execute(HttpCommandExecutor.java:164)
	at org.openqa.selenium.remote.service.DriverCommandExecutor.execute(DriverCommandExecutor.java:83)
	at org.openqa.selenium.remote.RemoteWebDriver.execute(RemoteWebDriver.java:586)
	at org.openqa.selenium.remote.RemoteWebElement.execute(RemoteWebElement.java:279)
	at org.openqa.selenium.remote.RemoteWebElement.click(RemoteWebElement.java:83)
	at sun.reflect.GeneratedMethodAccessor10.invoke(Unknown Source)
	at sun.reflect.DelegatingMethodAccessorImpl.invoke(DelegatingMethodAccessorImpl.java:43)
	at java.lang.reflect.Method.invoke(Method.java:498)
	at org.openqa.selenium.support.pagefactory.internal.LocatingElementHandler.invoke(LocatingElementHandler.java:51)
	at com.sun.proxy.$Proxy8.click(Unknown Source)
	at com.jusdone.qa.pages.DashBoardPage.ClickCreateNewTaskLink(DashBoardPage.java:190)
	at com.jusdone.qa.testcases.DashBoardTest.ClickCreateNewTaskLinkTest(DashBoardTest.java:123)
	at sun.reflect.NativeMethodAccessorImpl.invoke0(Native Method)
	at sun.reflect.NativeMethodAccessorImpl.invoke(NativeMethodAccessorImpl.java:62)
	at sun.reflect.DelegatingMethodAccessorImpl.invoke(DelegatingMethodAccessorImpl.java:43)
	at java.lang.reflect.Method.invoke(Method.java:498)
	at org.testng.internal.MethodInvocationHelper.invokeMethod(MethodInvocationHelper.java:108)
	at org.testng.internal.Invoker.invokeMethod(Invoker.java:661)
	at org.testng.internal.Invoker.invokeTestMethod(Invoker.java:869)
	at org.testng.internal.Invoker.invokeTestMethods(Invoker.java:1193)
	at org.testng.internal.TestMethodWorker.invokeTestMethods(TestMethodWorker.java:126)
	at org.testng.internal.TestMethodWorker.run(TestMethodWorker.java:109)
	at org.testng.TestRunner.privateRun(TestRunner.java:744)
	at org.testng.TestRunner.run(TestRunner.java:602)
	at org.testng.SuiteRunner.runTest(SuiteRunner.java:380)
	at org.testng.SuiteRunner.runSequentially(SuiteRunner.java:375)
	at org.testng.SuiteRunner.privateRun(SuiteRunner.java:340)
	at org.testng.SuiteRunner.run(SuiteRunner.java:289)
	at org.testng.SuiteRunnerWorker.runSuite(SuiteRunnerWorker.java:52)
	at org.testng.SuiteRunnerWorker.run(SuiteRunnerWorker.java:86)
	at org.testng.TestNG.runSuitesSequentially(TestNG.java:1301)
	at org.testng.TestNG.runSuitesLocally(TestNG.java:1226)
	at org.testng.TestNG.runSuites(TestNG.java:1144)
	at org.testng.TestNG.run(TestNG.java:1115)
	at org.apache.maven.surefire.testng.TestNGExecutor.run(TestNGExecutor.java:135)
	at org.apache.maven.surefire.testng.TestNGDirectoryTestSuite.executeMulti(TestNGDirectoryTestSuite.java:193)
	at org.apache.maven.surefire.testng.TestNGDirectoryTestSuite.execute(TestNGDirectoryTestSuite.java:94)
	at org.apache.maven.surefire.testng.TestNGProvider.invoke(TestNGProvider.java:146)
	at org.apache.maven.surefire.booter.ForkedBooter.invokeProviderInSameClassLoader(ForkedBooter.java:386)
	at org.apache.maven.surefire.booter.ForkedBooter.runSuitesInProcess(ForkedBooter.java:323)
	at org.apache.maven.surefire.booter.ForkedBooter.main(ForkedBooter.java:143)
</pre></div></td>
<td>0</td>
<td>com.jusdone.qa.testcases.DashBoardTest@d2cc05a</td></tr>
<tr>
<td title='com.jusdone.qa.testcases.RegistrationPageTest.VerifyValidInputs()'><b>VerifyValidInputs</b><br>Test class: com.jusdone.qa.testcases.RegistrationPageTest<br>Parameters: Teja2, Teja23@yahoo.com, Teja123, Teja123</td>
<td><div><pre>org.openqa.selenium.NoSuchElementException: no such element: Unable to locate element: {&quot;method&quot;:&quot;xpath&quot;,&quot;selector&quot;:&quot;//*[@id=&apos;sidebar&apos;]/div/p[1]&quot;}
  (Session info: chrome=63.0.3239.132)
  (Driver info: chromedriver=2.33.506120 (e3e53437346286c0bc2d2dc9aa4915ba81d9023f),platform=Windows NT 10.0.16299 x86_64) (WARNING: The server did not provide any stacktrace information)
Command duration or timeout: 0 milliseconds
For documentation on this error, please visit: http://seleniumhq.org/exceptions/no_such_element.html
Build info: version: &apos;3.6.0&apos;, revision: &apos;6fbf3ec767&apos;, time: &apos;2017-09-27T15:28:36.4Z&apos;
System info: host: &apos;DESKTOP-3ND57S0&apos;, ip: &apos;192.168.1.193&apos;, os.name: &apos;Windows 10&apos;, os.arch: &apos;amd64&apos;, os.version: &apos;10.0&apos;, java.version: &apos;1.8.0_151&apos;
Driver info: org.openqa.selenium.chrome.ChromeDriver
Capabilities [{mobileEmulationEnabled=false, hasTouchScreen=false, platform=XP, acceptSslCerts=true, webStorageEnabled=true, browserName=chrome, takesScreenshot=true, javascriptEnabled=true, platformName=XP, setWindowRect=true, unexpectedAlertBehaviour=, applicationCacheEnabled=false, rotatable=false, networkConnectionEnabled=false, chrome={chromedriverVersion=2.33.506120 (e3e53437346286c0bc2d2dc9aa4915ba81d9023f), userDataDir=C:\Users\Murali\AppData\Local\Temp\scoped_dir8088_30357}, takesHeapSnapshot=true, pageLoadStrategy=normal, unhandledPromptBehavior=, databaseEnabled=false, handlesAlerts=true, version=63.0.3239.132, browserConnectionEnabled=false, nativeEvents=true, locationContextEnabled=true, cssSelectorsEnabled=true}]
Session ID: 5dbd82ad703f7e58e34eecf1f98eabb3
*** Element info: {Using=xpath, value=//*[@id=&apos;sidebar&apos;]/div/p[1]}
	at org.openqa.selenium.remote.ErrorHandler.createThrowable(ErrorHandler.java:214)
	at org.openqa.selenium.remote.ErrorHandler.throwIfResponseFailed(ErrorHandler.java:166)
	at org.openqa.selenium.remote.http.JsonHttpResponseCodec.reconstructValue(JsonHttpResponseCodec.java:40)
	at org.openqa.selenium.remote.http.AbstractHttpResponseCodec.decode(AbstractHttpResponseCodec.java:82)
	at org.openqa.selenium.remote.http.AbstractHttpResponseCodec.decode(AbstractHttpResponseCodec.java:45)
	at org.openqa.selenium.remote.HttpCommandExecutor.execute(HttpCommandExecutor.java:164)
	at org.openqa.selenium.remote.service.DriverCommandExecutor.execute(DriverCommandExecutor.java:83)
	at org.openqa.selenium.remote.RemoteWebDriver.execute(RemoteWebDriver.java:586)
	at org.openqa.selenium.remote.RemoteWebDriver.findElement(RemoteWebDriver.java:356)
	at org.openqa.selenium.remote.RemoteWebDriver.findElementByXPath(RemoteWebDriver.java:458)
	at org.openqa.selenium.By$ByXPath.findElement(By.java:361)
	at org.openqa.selenium.remote.RemoteWebDriver.findElement(RemoteWebDriver.java:348)
	at org.openqa.selenium.support.pagefactory.DefaultElementLocator.findElement(DefaultElementLocator.java:69)
	at org.openqa.selenium.support.pagefactory.internal.LocatingElementHandler.invoke(LocatingElementHandler.java:38)
	at com.sun.proxy.$Proxy8.getWrappedElement(Unknown Source)
	at org.openqa.selenium.remote.internal.WebElementToJsonConverter.apply(WebElementToJsonConverter.java:51)
	at com.google.common.collect.Iterators$6.transform(Iterators.java:820)
	at com.google.common.collect.TransformedIterator.next(TransformedIterator.java:48)
	at com.google.common.collect.Iterators.addAll(Iterators.java:373)
	at com.google.common.collect.Lists.newArrayList(Lists.java:165)
	at com.google.common.collect.Lists.newArrayList(Lists.java:150)
	at org.openqa.selenium.remote.RemoteWebDriver.executeScript(RemoteWebDriver.java:520)
	at com.jusdone.qa.pages.RegistrationPage.VerifyValidInputs(RegistrationPage.java:114)
	at com.jusdone.qa.testcases.RegistrationPageTest.VerifyValidInputs(RegistrationPageTest.java:68)
... Removed 33 stack frames</pre></div><a href='#' onClick='toggleBox("stack-trace768776793", this, "Click to show all stack frames", "Click to hide stack frames")'>Click to show all stack frames</a>
<div class='stack-trace' id='stack-trace768776793'><pre>org.openqa.selenium.NoSuchElementException: no such element: Unable to locate element: {&quot;method&quot;:&quot;xpath&quot;,&quot;selector&quot;:&quot;//*[@id=&apos;sidebar&apos;]/div/p[1]&quot;}
  (Session info: chrome=63.0.3239.132)
  (Driver info: chromedriver=2.33.506120 (e3e53437346286c0bc2d2dc9aa4915ba81d9023f),platform=Windows NT 10.0.16299 x86_64) (WARNING: The server did not provide any stacktrace information)
Command duration or timeout: 0 milliseconds
For documentation on this error, please visit: http://seleniumhq.org/exceptions/no_such_element.html
Build info: version: &apos;3.6.0&apos;, revision: &apos;6fbf3ec767&apos;, time: &apos;2017-09-27T15:28:36.4Z&apos;
System info: host: &apos;DESKTOP-3ND57S0&apos;, ip: &apos;192.168.1.193&apos;, os.name: &apos;Windows 10&apos;, os.arch: &apos;amd64&apos;, os.version: &apos;10.0&apos;, java.version: &apos;1.8.0_151&apos;
Driver info: org.openqa.selenium.chrome.ChromeDriver
Capabilities [{mobileEmulationEnabled=false, hasTouchScreen=false, platform=XP, acceptSslCerts=true, webStorageEnabled=true, browserName=chrome, takesScreenshot=true, javascriptEnabled=true, platformName=XP, setWindowRect=true, unexpectedAlertBehaviour=, applicationCacheEnabled=false, rotatable=false, networkConnectionEnabled=false, chrome={chromedriverVersion=2.33.506120 (e3e53437346286c0bc2d2dc9aa4915ba81d9023f), userDataDir=C:\Users\Murali\AppData\Local\Temp\scoped_dir8088_30357}, takesHeapSnapshot=true, pageLoadStrategy=normal, unhandledPromptBehavior=, databaseEnabled=false, handlesAlerts=true, version=63.0.3239.132, browserConnectionEnabled=false, nativeEvents=true, locationContextEnabled=true, cssSelectorsEnabled=true}]
Session ID: 5dbd82ad703f7e58e34eecf1f98eabb3
*** Element info: {Using=xpath, value=//*[@id=&apos;sidebar&apos;]/div/p[1]}
	at sun.reflect.NativeConstructorAccessorImpl.newInstance0(Native Method)
	at sun.reflect.NativeConstructorAccessorImpl.newInstance(NativeConstructorAccessorImpl.java:62)
	at sun.reflect.DelegatingConstructorAccessorImpl.newInstance(DelegatingConstructorAccessorImpl.java:45)
	at java.lang.reflect.Constructor.newInstance(Constructor.java:423)
	at org.openqa.selenium.remote.ErrorHandler.createThrowable(ErrorHandler.java:214)
	at org.openqa.selenium.remote.ErrorHandler.throwIfResponseFailed(ErrorHandler.java:166)
	at org.openqa.selenium.remote.http.JsonHttpResponseCodec.reconstructValue(JsonHttpResponseCodec.java:40)
	at org.openqa.selenium.remote.http.AbstractHttpResponseCodec.decode(AbstractHttpResponseCodec.java:82)
	at org.openqa.selenium.remote.http.AbstractHttpResponseCodec.decode(AbstractHttpResponseCodec.java:45)
	at org.openqa.selenium.remote.HttpCommandExecutor.execute(HttpCommandExecutor.java:164)
	at org.openqa.selenium.remote.service.DriverCommandExecutor.execute(DriverCommandExecutor.java:83)
	at org.openqa.selenium.remote.RemoteWebDriver.execute(RemoteWebDriver.java:586)
	at org.openqa.selenium.remote.RemoteWebDriver.findElement(RemoteWebDriver.java:356)
	at org.openqa.selenium.remote.RemoteWebDriver.findElementByXPath(RemoteWebDriver.java:458)
	at org.openqa.selenium.By$ByXPath.findElement(By.java:361)
	at org.openqa.selenium.remote.RemoteWebDriver.findElement(RemoteWebDriver.java:348)
	at org.openqa.selenium.support.pagefactory.DefaultElementLocator.findElement(DefaultElementLocator.java:69)
	at org.openqa.selenium.support.pagefactory.internal.LocatingElementHandler.invoke(LocatingElementHandler.java:38)
	at com.sun.proxy.$Proxy8.getWrappedElement(Unknown Source)
	at org.openqa.selenium.remote.internal.WebElementToJsonConverter.apply(WebElementToJsonConverter.java:51)
	at com.google.common.collect.Iterators$6.transform(Iterators.java:820)
	at com.google.common.collect.TransformedIterator.next(TransformedIterator.java:48)
	at com.google.common.collect.Iterators.addAll(Iterators.java:373)
	at com.google.common.collect.Lists.newArrayList(Lists.java:165)
	at com.google.common.collect.Lists.newArrayList(Lists.java:150)
	at org.openqa.selenium.remote.RemoteWebDriver.executeScript(RemoteWebDriver.java:520)
	at com.jusdone.qa.pages.RegistrationPage.VerifyValidInputs(RegistrationPage.java:114)
	at com.jusdone.qa.testcases.RegistrationPageTest.VerifyValidInputs(RegistrationPageTest.java:68)
	at sun.reflect.NativeMethodAccessorImpl.invoke0(Native Method)
	at sun.reflect.NativeMethodAccessorImpl.invoke(NativeMethodAccessorImpl.java:62)
	at sun.reflect.DelegatingMethodAccessorImpl.invoke(DelegatingMethodAccessorImpl.java:43)
	at java.lang.reflect.Method.invoke(Method.java:498)
	at org.testng.internal.MethodInvocationHelper.invokeMethod(MethodInvocationHelper.java:108)
	at org.testng.internal.Invoker.invokeMethod(Invoker.java:661)
	at org.testng.internal.Invoker.invokeTestMethod(Invoker.java:869)
	at org.testng.internal.Invoker.invokeTestMethods(Invoker.java:1193)
	at org.testng.internal.TestMethodWorker.invokeTestMethods(TestMethodWorker.java:126)
	at org.testng.internal.TestMethodWorker.run(TestMethodWorker.java:109)
	at org.testng.TestRunner.privateRun(TestRunner.java:744)
	at org.testng.TestRunner.run(TestRunner.java:602)
	at org.testng.SuiteRunner.runTest(SuiteRunner.java:380)
	at org.testng.SuiteRunner.runSequentially(SuiteRunner.java:375)
	at org.testng.SuiteRunner.privateRun(SuiteRunner.java:340)
	at org.testng.SuiteRunner.run(SuiteRunner.java:289)
	at org.testng.SuiteRunnerWorker.runSuite(SuiteRunnerWorker.java:52)
	at org.testng.SuiteRunnerWorker.run(SuiteRunnerWorker.java:86)
	at org.testng.TestNG.runSuitesSequentially(TestNG.java:1301)
	at org.testng.TestNG.runSuitesLocally(TestNG.java:1226)
	at org.testng.TestNG.runSuites(TestNG.java:1144)
	at org.testng.TestNG.run(TestNG.java:1115)
	at org.apache.maven.surefire.testng.TestNGExecutor.run(TestNGExecutor.java:135)
	at org.apache.maven.surefire.testng.TestNGDirectoryTestSuite.executeMulti(TestNGDirectoryTestSuite.java:193)
	at org.apache.maven.surefire.testng.TestNGDirectoryTestSuite.execute(TestNGDirectoryTestSuite.java:94)
	at org.apache.maven.surefire.testng.TestNGProvider.invoke(TestNGProvider.java:146)
	at org.apache.maven.surefire.booter.ForkedBooter.invokeProviderInSameClassLoader(ForkedBooter.java:386)
	at org.apache.maven.surefire.booter.ForkedBooter.runSuitesInProcess(ForkedBooter.java:323)
	at org.apache.maven.surefire.booter.ForkedBooter.main(ForkedBooter.java:143)
</pre></div></td>
<td>25</td>
<td>com.jusdone.qa.testcases.RegistrationPageTest@1753acfe</td></tr>
<tr>
<td title='com.jusdone.qa.testcases.LoginPageTest.verifyRememberMeTest()'><b>verifyRememberMeTest</b><br>Test class: com.jusdone.qa.testcases.LoginPageTest</td>
<td><div><pre>java.lang.AssertionError: expected [true] but found [false]
	at com.jusdone.qa.testcases.LoginPageTest.verifyRememberMeTest(LoginPageTest.java:66)
... Removed 33 stack frames</pre></div><a href='#' onClick='toggleBox("stack-trace1660325375", this, "Click to show all stack frames", "Click to hide stack frames")'>Click to show all stack frames</a>
<div class='stack-trace' id='stack-trace1660325375'><pre>java.lang.AssertionError: expected [true] but found [false]
	at org.testng.Assert.fail(Assert.java:93)
	at org.testng.Assert.failNotEquals(Assert.java:512)
	at org.testng.Assert.assertTrue(Assert.java:41)
	at org.testng.Assert.assertTrue(Assert.java:51)
	at com.jusdone.qa.testcases.LoginPageTest.verifyRememberMeTest(LoginPageTest.java:66)
	at sun.reflect.NativeMethodAccessorImpl.invoke0(Native Method)
	at sun.reflect.NativeMethodAccessorImpl.invoke(NativeMethodAccessorImpl.java:62)
	at sun.reflect.DelegatingMethodAccessorImpl.invoke(DelegatingMethodAccessorImpl.java:43)
	at java.lang.reflect.Method.invoke(Method.java:498)
	at org.testng.internal.MethodInvocationHelper.invokeMethod(MethodInvocationHelper.java:108)
	at org.testng.internal.Invoker.invokeMethod(Invoker.java:661)
	at org.testng.internal.Invoker.invokeTestMethod(Invoker.java:869)
	at org.testng.internal.Invoker.invokeTestMethods(Invoker.java:1193)
	at org.testng.internal.TestMethodWorker.invokeTestMethods(TestMethodWorker.java:126)
	at org.testng.internal.TestMethodWorker.run(TestMethodWorker.java:109)
	at org.testng.TestRunner.privateRun(TestRunner.java:744)
	at org.testng.TestRunner.run(TestRunner.java:602)
	at org.testng.SuiteRunner.runTest(SuiteRunner.java:380)
	at org.testng.SuiteRunner.runSequentially(SuiteRunner.java:375)
	at org.testng.SuiteRunner.privateRun(SuiteRunner.java:340)
	at org.testng.SuiteRunner.run(SuiteRunner.java:289)
	at org.testng.SuiteRunnerWorker.runSuite(SuiteRunnerWorker.java:52)
	at org.testng.SuiteRunnerWorker.run(SuiteRunnerWorker.java:86)
	at org.testng.TestNG.runSuitesSequentially(TestNG.java:1301)
	at org.testng.TestNG.runSuitesLocally(TestNG.java:1226)
	at org.testng.TestNG.runSuites(TestNG.java:1144)
	at org.testng.TestNG.run(TestNG.java:1115)
	at org.apache.maven.surefire.testng.TestNGExecutor.run(TestNGExecutor.java:135)
	at org.apache.maven.surefire.testng.TestNGDirectoryTestSuite.executeMulti(TestNGDirectoryTestSuite.java:193)
	at org.apache.maven.surefire.testng.TestNGDirectoryTestSuite.execute(TestNGDirectoryTestSuite.java:94)
	at org.apache.maven.surefire.testng.TestNGProvider.invoke(TestNGProvider.java:146)
	at org.apache.maven.surefire.booter.ForkedBooter.invokeProviderInSameClassLoader(ForkedBooter.java:386)
	at org.apache.maven.surefire.booter.ForkedBooter.runSuitesInProcess(ForkedBooter.java:323)
	at org.apache.maven.surefire.booter.ForkedBooter.main(ForkedBooter.java:143)
</pre></div></td>
<td>0</td>
<td>com.jusdone.qa.testcases.LoginPageTest@548a9f61</td></tr>
</table><p>
<table width='100%' border='1' class='invocation-passed'>
<tr><td colspan='4' align='center'><b>PASSED TESTS</b></td></tr>
<tr><td><b>Test method</b></td>
<td width="30%"><b>Exception</b></td>
<td width="10%"><b>Time (seconds)</b></td>
<td><b>Instance</b></td>
</tr>
<tr>
<td title='com.jusdone.qa.testcases.LandingPageTest.AboutusLogoTest()'><b>AboutusLogoTest</b><br>Test class: com.jusdone.qa.testcases.LandingPageTest</td>
<td></td>
<td>0</td>
<td>com.jusdone.qa.testcases.LandingPageTest@4f933fd1</td></tr>
<tr>
<td title='com.jusdone.qa.testcases.LoginPageTest.BlankEmailTest()'><b>BlankEmailTest</b><br>Test class: com.jusdone.qa.testcases.LoginPageTest</td>
<td></td>
<td>2</td>
<td>com.jusdone.qa.testcases.LoginPageTest@548a9f61</td></tr>
<tr>
<td title='com.jusdone.qa.testcases.RegistrationPageTest.BlankNameField()'><b>BlankNameField</b><br>Test class: com.jusdone.qa.testcases.RegistrationPageTest<br>Parameters: Teja1, , Teja123, Teja123</td>
<td></td>
<td>4</td>
<td>com.jusdone.qa.testcases.RegistrationPageTest@1753acfe</td></tr>
<tr>
<td title='com.jusdone.qa.testcases.TaskPageTest.ClickCreateNewTaskLinkTest()'><b>ClickCreateNewTaskLinkTest</b><br>Test class: com.jusdone.qa.testcases.TaskPageTest</td>
<td></td>
<td>4</td>
<td>com.jusdone.qa.testcases.TaskPageTest@7c16905e</td></tr>
<tr>
<td title='com.jusdone.qa.testcases.DashBoardTest.ClickLogOutBtnTest()'><b>ClickLogOutBtnTest</b><br>Test class: com.jusdone.qa.testcases.DashBoardTest</td>
<td></td>
<td>1</td>
<td>com.jusdone.qa.testcases.DashBoardTest@d2cc05a</td></tr>
<tr>
<td title='com.jusdone.qa.testcases.RegistrationPageTest.ClickSignInBtnTest()'><b>ClickSignInBtnTest</b><br>Test class: com.jusdone.qa.testcases.RegistrationPageTest</td>
<td></td>
<td>1</td>
<td>com.jusdone.qa.testcases.RegistrationPageTest@1753acfe</td></tr>
<tr>
<td title='com.jusdone.qa.testcases.DashBoardTest.ClickTaskTabTest()'><b>ClickTaskTabTest</b><br>Test class: com.jusdone.qa.testcases.DashBoardTest</td>
<td></td>
<td>1</td>
<td>com.jusdone.qa.testcases.DashBoardTest@d2cc05a</td></tr>
<tr>
<td title='com.jusdone.qa.testcases.LandingPageTest.Clickbtn1Test()'><b>Clickbtn1Test</b><br>Test class: com.jusdone.qa.testcases.LandingPageTest</td>
<td></td>
<td>8</td>
<td>com.jusdone.qa.testcases.LandingPageTest@4f933fd1</td></tr>
<tr>
<td title='com.jusdone.qa.testcases.LandingPageTest.ClickbtnTest()'><b>ClickbtnTest</b><br>Test class: com.jusdone.qa.testcases.LandingPageTest</td>
<td></td>
<td>4</td>
<td>com.jusdone.qa.testcases.LandingPageTest@4f933fd1</td></tr>
<tr>
<td title='com.jusdone.qa.testcases.LandingPageTest.ContactusLogoTest()'><b>ContactusLogoTest</b><br>Test class: com.jusdone.qa.testcases.LandingPageTest</td>
<td></td>
<td>0</td>
<td>com.jusdone.qa.testcases.LandingPageTest@4f933fd1</td></tr>
<tr>
<td title='com.jusdone.qa.testcases.DashBoardTest.CreateNewTaskLinkTest()'><b>CreateNewTaskLinkTest</b><br>Test class: com.jusdone.qa.testcases.DashBoardTest</td>
<td></td>
<td>0</td>
<td>com.jusdone.qa.testcases.DashBoardTest@d2cc05a</td></tr>
<tr>
<td title='com.jusdone.qa.testcases.DashBoardTest.EnteringTeamInputsTest()'><b>EnteringTeamInputsTest</b><br>Test class: com.jusdone.qa.testcases.DashBoardTest</td>
<td></td>
<td>4</td>
<td>com.jusdone.qa.testcases.DashBoardTest@d2cc05a</td></tr>
<tr>
<td title='com.jusdone.qa.testcases.RegistrationPageTest.ExistingUser()'><b>ExistingUser</b><br>Test class: com.jusdone.qa.testcases.RegistrationPageTest<br>Parameters: Teja, Teja@yahoo.com, Teja123, Teja123</td>
<td></td>
<td>5</td>
<td>com.jusdone.qa.testcases.RegistrationPageTest@1753acfe</td></tr>
<tr>
<td title='com.jusdone.qa.testcases.LoginPageTest.InValidLoginTest()'><b>InValidLoginTest</b><br>Test class: com.jusdone.qa.testcases.LoginPageTest</td>
<td></td>
<td>3</td>
<td>com.jusdone.qa.testcases.LoginPageTest@548a9f61</td></tr>
<tr>
<td title='com.jusdone.qa.testcases.LandingPageTest.Landingpagetitletest()'><b>Landingpagetitletest</b><br>Test class: com.jusdone.qa.testcases.LandingPageTest</td>
<td></td>
<td>0</td>
<td>com.jusdone.qa.testcases.LandingPageTest@4f933fd1</td></tr>
<tr>
<td title='com.jusdone.qa.testcases.LandingPageTest.LoginLogoTest()'><b>LoginLogoTest</b><br>Test class: com.jusdone.qa.testcases.LandingPageTest</td>
<td></td>
<td>0</td>
<td>com.jusdone.qa.testcases.LandingPageTest@4f933fd1</td></tr>
<tr>
<td title='com.jusdone.qa.testcases.RegistrationPageTest.PwdandConfirmPasswordnotMatched()'><b>PwdandConfirmPasswordnotMatched</b><br>Test class: com.jusdone.qa.testcases.RegistrationPageTest<br>Parameters: Tejas, Tejas@yahoo.com, Teja123, Teja124</td>
<td></td>
<td>5</td>
<td>com.jusdone.qa.testcases.RegistrationPageTest@1753acfe</td></tr>
<tr>
<td title='com.jusdone.qa.testcases.LandingPageTest.SignUpLogoTest()'><b>SignUpLogoTest</b><br>Test class: com.jusdone.qa.testcases.LandingPageTest</td>
<td></td>
<td>0</td>
<td>com.jusdone.qa.testcases.LandingPageTest@4f933fd1</td></tr>
<tr>
<td title='com.jusdone.qa.testcases.RegistrationPageTest.SpecialChracters()'><b>SpecialChracters</b><br>Test class: com.jusdone.qa.testcases.RegistrationPageTest<br>Parameters: 1@$skddd#$, 1kj43#(%@yahoo.com, Teja123, Teja123</td>
<td></td>
<td>4</td>
<td>com.jusdone.qa.testcases.RegistrationPageTest@1753acfe</td></tr>
<tr>
<td title='com.jusdone.qa.testcases.LoginPageTest.ValidLoginTest()'><b>ValidLoginTest</b><br>Test class: com.jusdone.qa.testcases.LoginPageTest</td>
<td></td>
<td>5</td>
<td>com.jusdone.qa.testcases.LoginPageTest@548a9f61</td></tr>
<tr>
<td title='com.jusdone.qa.testcases.DashBoardTest.VerifyBellBtn()'><b>VerifyBellBtn</b><br>Test class: com.jusdone.qa.testcases.DashBoardTest</td>
<td></td>
<td>0</td>
<td>com.jusdone.qa.testcases.DashBoardTest@d2cc05a</td></tr>
<tr>
<td title='com.jusdone.qa.testcases.DashBoardTest.VerifyCreateNewTeamBtn()'><b>VerifyCreateNewTeamBtn</b><br>Test class: com.jusdone.qa.testcases.DashBoardTest</td>
<td></td>
<td>0</td>
<td>com.jusdone.qa.testcases.DashBoardTest@d2cc05a</td></tr>
<tr>
<td title='com.jusdone.qa.testcases.DashBoardTest.VerifyLogOutBtn()'><b>VerifyLogOutBtn</b><br>Test class: com.jusdone.qa.testcases.DashBoardTest</td>
<td></td>
<td>0</td>
<td>com.jusdone.qa.testcases.DashBoardTest@d2cc05a</td></tr>
<tr>
<td title='com.jusdone.qa.testcases.RegistrationPageTest.VerifySignInBtnTest()'><b>VerifySignInBtnTest</b><br>Test class: com.jusdone.qa.testcases.RegistrationPageTest</td>
<td></td>
<td>0</td>
<td>com.jusdone.qa.testcases.RegistrationPageTest@1753acfe</td></tr>
<tr>
<td title='com.jusdone.qa.testcases.TaskPageTest.verifyCreateNewTaskLinkTest()'><b>verifyCreateNewTaskLinkTest</b><br>Test class: com.jusdone.qa.testcases.TaskPageTest</td>
<td></td>
<td>3</td>
<td>com.jusdone.qa.testcases.TaskPageTest@7c16905e</td></tr>
<tr>
<td title='com.jusdone.qa.testcases.LoginPageTest.verifyCtrAnAcctTest()'><b>verifyCtrAnAcctTest</b><br>Test class: com.jusdone.qa.testcases.LoginPageTest</td>
<td></td>
<td>0</td>
<td>com.jusdone.qa.testcases.LoginPageTest@548a9f61</td></tr>
<tr>
<td title='com.jusdone.qa.testcases.DashBoardTest.verifyDashBoardTab()'><b>verifyDashBoardTab</b><br>Test class: com.jusdone.qa.testcases.DashBoardTest</td>
<td></td>
<td>0</td>
<td>com.jusdone.qa.testcases.DashBoardTest@d2cc05a</td></tr>
<tr>
<td title='com.jusdone.qa.testcases.LoginPageTest.verifyForgotPasswordTest()'><b>verifyForgotPasswordTest</b><br>Test class: com.jusdone.qa.testcases.LoginPageTest</td>
<td></td>
<td>0</td>
<td>com.jusdone.qa.testcases.LoginPageTest@548a9f61</td></tr>
<tr>
<td title='com.jusdone.qa.testcases.DashBoardTest.verifyInvitesTab()'><b>verifyInvitesTab</b><br>Test class: com.jusdone.qa.testcases.DashBoardTest</td>
<td></td>
<td>0</td>
<td>com.jusdone.qa.testcases.DashBoardTest@d2cc05a</td></tr>
<tr>
<td title='com.jusdone.qa.testcases.LoginPageTest.verifyLoginBtnTest()'><b>verifyLoginBtnTest</b><br>Test class: com.jusdone.qa.testcases.LoginPageTest</td>
<td></td>
<td>0</td>
<td>com.jusdone.qa.testcases.LoginPageTest@548a9f61</td></tr>
<tr>
<td title='com.jusdone.qa.testcases.LoginPageTest.verifyLoginNameTest()'><b>verifyLoginNameTest</b><br>Test class: com.jusdone.qa.testcases.LoginPageTest</td>
<td></td>
<td>0</td>
<td>com.jusdone.qa.testcases.LoginPageTest@548a9f61</td></tr>
<tr>
<td title='com.jusdone.qa.testcases.TaskPageTest.verifyMembersLinkTest()'><b>verifyMembersLinkTest</b><br>Test class: com.jusdone.qa.testcases.TaskPageTest</td>
<td></td>
<td>0</td>
<td>com.jusdone.qa.testcases.TaskPageTest@7c16905e</td></tr>
<tr>
<td title='com.jusdone.qa.testcases.DashBoardTest.verifyMenuBar()'><b>verifyMenuBar</b><br>Test class: com.jusdone.qa.testcases.DashBoardTest</td>
<td></td>
<td>0</td>
<td>com.jusdone.qa.testcases.DashBoardTest@d2cc05a</td></tr>
<tr>
<td title='com.jusdone.qa.testcases.RegistrationPageTest.verifyRegisterNameTest()'><b>verifyRegisterNameTest</b><br>Test class: com.jusdone.qa.testcases.RegistrationPageTest</td>
<td></td>
<td>0</td>
<td>com.jusdone.qa.testcases.RegistrationPageTest@1753acfe</td></tr>
<tr>
<td title='com.jusdone.qa.testcases.DashBoardTest.verifySearchBox()'><b>verifySearchBox</b><br>Test class: com.jusdone.qa.testcases.DashBoardTest</td>
<td></td>
<td>0</td>
<td>com.jusdone.qa.testcases.DashBoardTest@d2cc05a</td></tr>
<tr>
<td title='com.jusdone.qa.testcases.TaskPageTest.verifySettingsLinkTest()'><b>verifySettingsLinkTest</b><br>Test class: com.jusdone.qa.testcases.TaskPageTest</td>
<td></td>
<td>0</td>
<td>com.jusdone.qa.testcases.TaskPageTest@7c16905e</td></tr>
<tr>
<td title='com.jusdone.qa.testcases.DashBoardTest.verifySettingsTab()'><b>verifySettingsTab</b><br>Test class: com.jusdone.qa.testcases.DashBoardTest</td>
<td></td>
<td>0</td>
<td>com.jusdone.qa.testcases.DashBoardTest@d2cc05a</td></tr>
<tr>
<td title='com.jusdone.qa.testcases.DashBoardTest.verifyTaskTabTest()'><b>verifyTaskTabTest</b><br>Test class: com.jusdone.qa.testcases.DashBoardTest</td>
<td></td>
<td>0</td>
<td>com.jusdone.qa.testcases.DashBoardTest@d2cc05a</td></tr>
<tr>
<td title='com.jusdone.qa.testcases.DashBoardTest.verifyTeamsLabel()'><b>verifyTeamsLabel</b><br>Test class: com.jusdone.qa.testcases.DashBoardTest</td>
<td></td>
<td>0</td>
<td>com.jusdone.qa.testcases.DashBoardTest@d2cc05a</td></tr>
<tr>
<td title='com.jusdone.qa.testcases.DashBoardTest.verifyTeamsTab()'><b>verifyTeamsTab</b><br>Test class: com.jusdone.qa.testcases.DashBoardTest</td>
<td></td>
<td>0</td>
<td>com.jusdone.qa.testcases.DashBoardTest@d2cc05a</td></tr>
<tr>
<td title='com.jusdone.qa.testcases.DashBoardTest.verifyUserNameTest()'><b>verifyUserNameTest</b><br>Test class: com.jusdone.qa.testcases.DashBoardTest</td>
<td></td>
<td>0</td>
<td>com.jusdone.qa.testcases.DashBoardTest@d2cc05a</td></tr>
</table><p>
</body>
</html>