<?xml version="1.0" encoding="UTF-8"?>
<!-- Generated by org.testng.reporters.JUnitXMLReporter -->
<testsuite hostname="DESKTOP-3ND57S0" ignored="0" name="GRID TEST WITH SERIAL EXECTION WITH BROWSER chrome" tests="7" failures="0" timestamp="10 Feb 2018 20:37:02 GMT" time="14.603" errors="0">
  <testcase name="@BeforeMethod setup" time="3.007" classname="com.jusdone.qa.testcases.LandingPageTest">
    <failure type="org.openqa.selenium.WebDriverException" message="Session [8391d482effb214fb34de3f90824b3eb] not available and is not among the last 1000 terminated sessions.
Active sessions are[ext. key 3f3ef7600ddd13c0dcf7531f744ddfee, f8a4b231-1c69-4d9f-aaea-02993e49b3d9 (int. key, remote not contacted yet.)]
Command duration or timeout: 0 milliseconds">
      <![CDATA[org.openqa.selenium.WebDriverException: Session [8391d482effb214fb34de3f90824b3eb] not available and is not among the last 1000 terminated sessions.
Active sessions are[ext. key 3f3ef7600ddd13c0dcf7531f744ddfee, f8a4b231-1c69-4d9f-aaea-02993e49b3d9 (int. key, remote not contacted yet.)]
Command duration or timeout: 0 milliseconds
	at org.openqa.selenium.remote.ErrorHandler.createThrowable(ErrorHandler.java:214)
	at org.openqa.selenium.remote.ErrorHandler.throwIfResponseFailed(ErrorHandler.java:166)
	at org.openqa.selenium.remote.http.JsonHttpResponseCodec.reconstructValue(JsonHttpResponseCodec.java:40)
	at org.openqa.selenium.remote.http.AbstractHttpResponseCodec.decode(AbstractHttpResponseCodec.java:82)
	at org.openqa.selenium.remote.http.AbstractHttpResponseCodec.decode(AbstractHttpResponseCodec.java:45)
	at org.openqa.selenium.remote.HttpCommandExecutor.execute(HttpCommandExecutor.java:164)
	at org.openqa.selenium.remote.RemoteWebDriver.execute(RemoteWebDriver.java:586)
	at org.openqa.selenium.remote.RemoteWebDriver.execute(RemoteWebDriver.java:643)
	at org.openqa.selenium.remote.RemoteWebDriver$RemoteWebDriverOptions$RemoteWindow.maximize(RemoteWebDriver.java:877)
	at com.jusdone.qa.testbase.Testbase.initialization(Testbase.java:104)
	at com.jusdone.qa.testcases.LandingPageTest.setup(LandingPageTest.java:36)
	at java.util.concurrent.FutureTask.run(FutureTask.java:266)
	at java.util.concurrent.ThreadPoolExecutor.runWorker(ThreadPoolExecutor.java:1149)
	at java.util.concurrent.ThreadPoolExecutor$Worker.run(ThreadPoolExecutor.java:624)
	at java.lang.Thread.run(Thread.java:748)
Caused by: org.openqa.selenium.WebDriverException: Session [8391d482effb214fb34de3f90824b3eb] not available and is not among the last 1000 terminated sessions.
Active sessions are[ext. key 3f3ef7600ddd13c0dcf7531f744ddfee, f8a4b231-1c69-4d9f-aaea-02993e49b3d9 (int. key, remote not contacted yet.)]
Build info: version: '3.6.0', revision: '6fbf3ec767', time: '2017-09-27T15:28:36.4Z'
System info: host: 'DESKTOP-3ND57S0', ip: '192.168.1.193', os.name: 'Windows 10', os.arch: 'amd64', os.version: '10.0', java.version: '1.8.0_151'
Driver info: driver.version: unknown
	at org.openqa.grid.internal.ActiveTestSessions.getExistingSession(ActiveTestSessions.java:110)
	at org.openqa.grid.internal.Registry.getExistingSession(Registry.java:398)
	at org.openqa.grid.web.servlet.handler.RequestHandler.getSession(RequestHandler.java:230)
	at org.openqa.grid.web.servlet.handler.RequestHandler.process(RequestHandler.java:115)
	at org.openqa.grid.web.servlet.DriverServlet.process(DriverServlet.java:84)
	at org.openqa.grid.web.servlet.DriverServlet.doPost(DriverServlet.java:68)
	at javax.servlet.http.HttpServlet.service(HttpServlet.java:707)
	at javax.servlet.http.HttpServlet.service(HttpServlet.java:790)
	at org.seleniumhq.jetty9.servlet.ServletHolder.handle(ServletHolder.java:841)
	at org.seleniumhq.jetty9.servlet.ServletHandler.doHandle(ServletHandler.java:535)
	at org.seleniumhq.jetty9.server.handler.ScopedHandler.nextHandle(ScopedHandler.java:188)
	at org.seleniumhq.jetty9.server.session.SessionHandler.doHandle(SessionHandler.java:1595)
	at org.seleniumhq.jetty9.server.handler.ScopedHandler.nextHandle(ScopedHandler.java:188)
	at org.seleniumhq.jetty9.server.handler.ContextHandler.doHandle(ContextHandler.java:1253)
	at org.seleniumhq.jetty9.server.handler.ScopedHandler.nextScope(ScopedHandler.java:168)
	at org.seleniumhq.jetty9.servlet.ServletHandler.doScope(ServletHandler.java:473)
	at org.seleniumhq.jetty9.server.session.SessionHandler.doScope(SessionHandler.java:1564)
	at org.seleniumhq.jetty9.server.handler.ScopedHandler.nextScope(ScopedHandler.java:166)
	at org.seleniumhq.jetty9.server.handler.ContextHandler.doScope(ContextHandler.java:1155)
	at org.seleniumhq.jetty9.server.handler.ScopedHandler.handle(ScopedHandler.java:141)
	at org.seleniumhq.jetty9.server.handler.HandlerWrapper.handle(HandlerWrapper.java:132)
	at org.seleniumhq.jetty9.server.Server.handle(Server.java:564)
	at org.seleniumhq.jetty9.server.HttpChannel.handle(HttpChannel.java:317)
	at org.seleniumhq.jetty9.server.HttpConnection.onFillable(HttpConnection.java:251)
	at org.seleniumhq.jetty9.io.AbstractConnection$ReadCallback.succeeded(AbstractConnection.java:279)
	at org.seleniumhq.jetty9.io.FillInterest.fillable(FillInterest.java:110)
	at org.seleniumhq.jetty9.io.ChannelEndPoint$2.run(ChannelEndPoint.java:124)
	at org.seleniumhq.jetty9.util.thread.Invocable.invokePreferred(Invocable.java:128)
	at org.seleniumhq.jetty9.util.thread.Invocable$InvocableExecutor.invoke(Invocable.java:222)
	at org.seleniumhq.jetty9.util.thread.strategy.EatWhatYouKill.doProduce(EatWhatYouKill.java:294)
	at org.seleniumhq.jetty9.util.thread.strategy.EatWhatYouKill.run(EatWhatYouKill.java:199)
	at org.seleniumhq.jetty9.util.thread.QueuedThreadPool.runJob(QueuedThreadPool.java:672)
	at org.seleniumhq.jetty9.util.thread.QueuedThreadPool$2.run(QueuedThreadPool.java:590)
	... 1 more
... Removed 22 stack frames]]>
    </failure>
  </testcase> <!-- @BeforeMethod setup -->
  <testcase name="@BeforeMethod setup" time="0.0" classname="com.jusdone.qa.testcases.LandingPageTest">
    <skipped/>
  </testcase> <!-- @BeforeMethod setup -->
  <testcase name="@BeforeMethod setup" time="0.0" classname="com.jusdone.qa.testcases.LandingPageTest">
    <skipped/>
  </testcase> <!-- @BeforeMethod setup -->
  <testcase name="@BeforeMethod setup" time="0.0" classname="com.jusdone.qa.testcases.LandingPageTest">
    <skipped/>
  </testcase> <!-- @BeforeMethod setup -->
  <testcase name="@BeforeMethod setup" time="0.0" classname="com.jusdone.qa.testcases.LandingPageTest">
    <skipped/>
  </testcase> <!-- @BeforeMethod setup -->
  <testcase name="@BeforeMethod setup" time="0.0" classname="com.jusdone.qa.testcases.LandingPageTest">
    <skipped/>
  </testcase> <!-- @BeforeMethod setup -->
  <testcase name="Landingpagetitletest" time="0.088" classname="com.jusdone.qa.testcases.LandingPageTest"/>
  <testcase name="SignUpLogoTest" time="0.0" classname="com.jusdone.qa.testcases.LandingPageTest">
    <skipped/>
  </testcase> <!-- SignUpLogoTest -->
  <testcase name="LoginLogoTest" time="0.0" classname="com.jusdone.qa.testcases.LandingPageTest">
    <skipped/>
  </testcase> <!-- LoginLogoTest -->
  <testcase name="AboutusLogoTest" time="0.0" classname="com.jusdone.qa.testcases.LandingPageTest">
    <skipped/>
  </testcase> <!-- AboutusLogoTest -->
  <testcase name="ContactusLogoTest" time="0.0" classname="com.jusdone.qa.testcases.LandingPageTest">
    <skipped/>
  </testcase> <!-- ContactusLogoTest -->
  <testcase name="ClickbtnTest" time="0.0" classname="com.jusdone.qa.testcases.LandingPageTest">
    <skipped/>
  </testcase> <!-- ClickbtnTest -->
  <testcase name="Clickbtn1Test" time="0.0" classname="com.jusdone.qa.testcases.LandingPageTest">
    <skipped/>
  </testcase> <!-- Clickbtn1Test -->
</testsuite> <!-- GRID TEST WITH SERIAL EXECTION WITH BROWSER chrome -->
