<?xml version="1.0" encoding="UTF-8"?>
<!-- Generated by org.testng.reporters.JUnitXMLReporter -->
<testsuite hostname="DESKTOP-3ND57S0" ignored="0" name="GRID TEST WITH SERIAL EXECTION WITH BROWSER FF " tests="7" failures="0" timestamp="10 Feb 2018 20:30:55 GMT" time="8.993" errors="0">
  <testcase name="@BeforeMethod setup" time="8.9" classname="com.jusdone.qa.testcases.LandingPageTest">
    <failure type="org.openqa.selenium.WebDriverException" message="java.net.ConnectException: Connection refused: connect
Command duration or timeout: 0 milliseconds">
      <![CDATA[org.openqa.selenium.WebDriverException: java.net.ConnectException: Connection refused: connect
Command duration or timeout: 0 milliseconds
	at org.openqa.selenium.remote.ErrorHandler.createThrowable(ErrorHandler.java:214)
	at org.openqa.selenium.remote.ErrorHandler.throwIfResponseFailed(ErrorHandler.java:166)
	at org.openqa.selenium.remote.http.JsonHttpResponseCodec.reconstructValue(JsonHttpResponseCodec.java:40)
	at org.openqa.selenium.remote.http.AbstractHttpResponseCodec.decode(AbstractHttpResponseCodec.java:82)
	at org.openqa.selenium.remote.http.AbstractHttpResponseCodec.decode(AbstractHttpResponseCodec.java:45)
	at org.openqa.selenium.remote.HttpCommandExecutor.execute(HttpCommandExecutor.java:164)
	at org.openqa.selenium.remote.RemoteWebDriver.execute(RemoteWebDriver.java:586)
	at org.openqa.selenium.remote.RemoteWebDriver.get(RemoteWebDriver.java:310)
	at com.jusdone.qa.testbase.Testbase.initialization(Testbase.java:109)
	at com.jusdone.qa.testcases.LandingPageTest.setup(LandingPageTest.java:36)
	at java.util.concurrent.FutureTask.run(FutureTask.java:266)
	at java.util.concurrent.ThreadPoolExecutor.runWorker(ThreadPoolExecutor.java:1149)
	at java.util.concurrent.ThreadPoolExecutor$Worker.run(ThreadPoolExecutor.java:624)
	at java.lang.Thread.run(Thread.java:748)
Caused by: org.openqa.selenium.WebDriverException: java.net.ConnectException: Connection refused: connect
Build info: version: '3.6.0', revision: '6fbf3ec767', time: '2017-09-27T15:28:36.4Z'
System info: host: 'DESKTOP-3ND57S0', ip: '192.168.1.193', os.name: 'Windows 10', os.arch: 'amd64', os.version: '10.0', java.version: '1.8.0_151'
Driver info: driver.version: unknown
	at org.openqa.selenium.remote.server.WebDriverServlet.lambda$handle$0(WebDriverServlet.java:237)
	at java.util.concurrent.Executors$RunnableAdapter.call(Executors.java:511)
	... 4 more
... Removed 22 stack frames]]>
    </failure>
  </testcase> <!-- @BeforeMethod setup -->
  <testcase name="@BeforeMethod setup" time="0.0" classname="com.jusdone.qa.testcases.LandingPageTest">
    <skipped/>
  </testcase> <!-- @BeforeMethod setup -->
  <testcase name="@BeforeMethod setup" time="0.0" classname="com.jusdone.qa.testcases.LandingPageTest">
    <skipped/>
  </testcase> <!-- @BeforeMethod setup -->
  <testcase name="@BeforeMethod setup" time="0.0" classname="com.jusdone.qa.testcases.LandingPageTest">
    <skipped/>
  </testcase> <!-- @BeforeMethod setup -->
  <testcase name="@BeforeMethod setup" time="0.0" classname="com.jusdone.qa.testcases.LandingPageTest">
    <skipped/>
  </testcase> <!-- @BeforeMethod setup -->
  <testcase name="@BeforeMethod setup" time="0.0" classname="com.jusdone.qa.testcases.LandingPageTest">
    <skipped/>
  </testcase> <!-- @BeforeMethod setup -->
  <testcase name="@BeforeMethod setup" time="0.0" classname="com.jusdone.qa.testcases.LandingPageTest">
    <skipped/>
  </testcase> <!-- @BeforeMethod setup -->
  <testcase name="Landingpagetitletest" time="0.0" classname="com.jusdone.qa.testcases.LandingPageTest">
    <skipped/>
  </testcase> <!-- Landingpagetitletest -->
  <testcase name="SignUpLogoTest" time="0.0" classname="com.jusdone.qa.testcases.LandingPageTest">
    <skipped/>
  </testcase> <!-- SignUpLogoTest -->
  <testcase name="LoginLogoTest" time="0.0" classname="com.jusdone.qa.testcases.LandingPageTest">
    <skipped/>
  </testcase> <!-- LoginLogoTest -->
  <testcase name="AboutusLogoTest" time="0.0" classname="com.jusdone.qa.testcases.LandingPageTest">
    <skipped/>
  </testcase> <!-- AboutusLogoTest -->
  <testcase name="ContactusLogoTest" time="0.0" classname="com.jusdone.qa.testcases.LandingPageTest">
    <skipped/>
  </testcase> <!-- ContactusLogoTest -->
  <testcase name="ClickbtnTest" time="0.0" classname="com.jusdone.qa.testcases.LandingPageTest">
    <skipped/>
  </testcase> <!-- ClickbtnTest -->
  <testcase name="Clickbtn1Test" time="0.0" classname="com.jusdone.qa.testcases.LandingPageTest">
    <skipped/>
  </testcase> <!-- Clickbtn1Test -->
</testsuite> <!-- GRID TEST WITH SERIAL EXECTION WITH BROWSER FF  -->
