<!DOCTYPE html PUBLIC "-//W3C//DTD XHTML 1.1//EN" "http://www.w3.org/TR/xhtml11/DTD/xhtml11.dtd">
<html xmlns="http://www.w3.org/1999/xhtml"><head><title>TestNG Report</title><style type="text/css">table {margin-bottom:10px;border-collapse:collapse;empty-cells:show}th,td {border:1px solid #009;padding:.25em .5em}th {vertical-align:bottom}td {vertical-align:top}table a {font-weight:bold}.stripe td {background-color: #E6EBF9}.num {text-align:right}.passedodd td {background-color: #3F3}.passedeven td {background-color: #0A0}.skippedodd td {background-color: #DDD}.skippedeven td {background-color: #CCC}.failedodd td,.attn {background-color: #F33}.failedeven td,.stripe .attn {background-color: #D00}.stacktrace {white-space:pre;font-family:monospace}.totop {font-size:85%;text-align:center;border-bottom:2px solid #000}</style></head><body><table><tr><th>Test</th><th># Passed</th><th># Skipped</th><th># Failed</th><th>Time (ms)</th><th>Included Groups</th><th>Excluded Groups</th></tr><tr><th colspan="7">Surefire suite</th></tr><tr><td><a href="#t0">Surefire test</a></td><td class="num">41</td><td class="num">0</td><td class="num attn">3</td><td class="num">698,796</td><td></td><td></td></tr></table><table id='summary'><thead><tr><th>Class</th><th>Method</th><th>Start</th><th>Time (ms)</th></tr></thead><tbody><tr><th colspan="4">Surefire suite</th></tr></tbody><tbody id="t0"><tr><th colspan="4">Surefire test &#8212; failed</th></tr><tr class="failedeven"><td rowspan="1">com.jusdone.qa.testcases.DashBoardTest</td><td><a href="#m0">ClickCreateNewTaskLinkTest</a></td><td rowspan="1">1517962556923</td><td rowspan="1">176</td></tr><tr class="failedodd"><td rowspan="1">com.jusdone.qa.testcases.LoginPageTest</td><td><a href="#m1">verifyRememberMeTest</a></td><td rowspan="1">1517962222790</td><td rowspan="1">218</td></tr><tr class="failedeven"><td rowspan="1">com.jusdone.qa.testcases.RegistrationPageTest</td><td><a href="#m2">VerifyValidInputs</a></td><td rowspan="1">1517962073791</td><td rowspan="1">25084</td></tr><tr><th colspan="4">Surefire test &#8212; passed</th></tr><tr class="passedeven"><td rowspan="16">com.jusdone.qa.testcases.DashBoardTest</td><td><a href="#m3">ClickLogOutBtnTest</a></td><td rowspan="1">1517962575251</td><td rowspan="1">1305</td></tr><tr class="passedeven"><td><a href="#m4">ClickTaskTabTest</a></td><td rowspan="1">1517962538907</td><td rowspan="1">1647</td></tr><tr class="passedeven"><td><a href="#m5">CreateNewTaskLinkTest</a></td><td rowspan="1">1517962522727</td><td rowspan="1">146</td></tr><tr class="passedeven"><td><a href="#m6">EnteringTeamInputsTest</a></td><td rowspan="1">1517962501728</td><td rowspan="1">4290</td></tr><tr class="passedeven"><td><a href="#m7">VerifyBellBtn</a></td><td rowspan="1">1517962463005</td><td rowspan="1">122</td></tr><tr class="passedeven"><td><a href="#m8">VerifyCreateNewTeamBtn</a></td><td rowspan="1">1517962445495</td><td rowspan="1">150</td></tr><tr class="passedeven"><td><a href="#m9">VerifyLogOutBtn</a></td><td rowspan="1">1517962480429</td><td rowspan="1">123</td></tr><tr class="passedeven"><td><a href="#m10">verifyDashBoardTab</a></td><td rowspan="1">1517962133101</td><td rowspan="1">126</td></tr><tr class="passedeven"><td><a href="#m11">verifyInvitesTab</a></td><td rowspan="1">1517962339076</td><td rowspan="1">120</td></tr><tr class="passedeven"><td><a href="#m12">verifyMenuBar</a></td><td rowspan="1">1517962428396</td><td rowspan="1">132</td></tr><tr class="passedeven"><td><a href="#m13">verifySearchBox</a></td><td rowspan="1">1517961971835</td><td rowspan="1">147</td></tr><tr class="passedeven"><td><a href="#m14">verifySettingsTab</a></td><td rowspan="1">1517962398593</td><td rowspan="1">123</td></tr><tr class="passedeven"><td><a href="#m15">verifyTaskTabTest</a></td><td rowspan="1">1517962204701</td><td rowspan="1">148</td></tr><tr class="passedeven"><td><a href="#m16">verifyTeamsLabel</a></td><td rowspan="1">1517962036826</td><td rowspan="1">168</td></tr><tr class="passedeven"><td><a href="#m17">verifyTeamsTab</a></td><td rowspan="1">1517962272036</td><td rowspan="1">137</td></tr><tr class="passedeven"><td><a href="#m18">verifyUserNameTest</a></td><td rowspan="1">1517961903796</td><td rowspan="1">149</td></tr><tr class="passedodd"><td rowspan="7">com.jusdone.qa.testcases.LandingPageTest</td><td><a href="#m19">AboutusLogoTest</a></td><td rowspan="1">1517962140990</td><td rowspan="1">188</td></tr><tr class="passedodd"><td><a href="#m20">Clickbtn1Test</a></td><td rowspan="1">1517962346661</td><td rowspan="1">8238</td></tr><tr class="passedodd"><td><a href="#m21">ClickbtnTest</a></td><td rowspan="1">1517962280001</td><td rowspan="1">4612</td></tr><tr class="passedodd"><td><a href="#m22">ContactusLogoTest</a></td><td rowspan="1">1517962212684</td><td rowspan="1">163</td></tr><tr class="passedodd"><td><a href="#m23">Landingpagetitletest</a></td><td rowspan="1">1517961912139</td><td rowspan="1">72</td></tr><tr class="passedodd"><td><a href="#m24">LoginLogoTest</a></td><td rowspan="1">1517962044939</td><td rowspan="1">147</td></tr><tr class="passedodd"><td><a href="#m25">SignUpLogoTest</a></td><td rowspan="1">1517961980074</td><td rowspan="1">170</td></tr><tr class="passedeven"><td rowspan="7">com.jusdone.qa.testcases.LoginPageTest</td><td><a href="#m26">BlankEmailTest</a></td><td rowspan="1">1517962409053</td><td rowspan="1">2145</td></tr><tr class="passedeven"><td><a href="#m27">InValidLoginTest</a></td><td rowspan="1">1517962365802</td><td rowspan="1">3112</td></tr><tr class="passedeven"><td><a href="#m28">ValidLoginTest</a></td><td rowspan="1">1517962296243</td><td rowspan="1">5546</td></tr><tr class="passedeven"><td><a href="#m29">verifyCtrAnAcctTest</a></td><td rowspan="1">1517962152517</td><td rowspan="1">180</td></tr><tr class="passedeven"><td><a href="#m30">verifyForgotPasswordTest</a></td><td rowspan="1">1517962060398</td><td rowspan="1">163</td></tr><tr class="passedeven"><td><a href="#m31">verifyLoginBtnTest</a></td><td rowspan="1">1517961990946</td><td rowspan="1">285</td></tr><tr class="passedeven"><td><a href="#m32">verifyLoginNameTest</a></td><td rowspan="1">1517961922366</td><td rowspan="1">227</td></tr><tr class="passedodd"><td rowspan="7">com.jusdone.qa.testcases.RegistrationPageTest</td><td><a href="#m33">BlankNameField</a></td><td rowspan="1">1517962313356</td><td rowspan="1">4183</td></tr><tr class="passedodd"><td><a href="#m34">ClickSignInBtnTest</a></td><td rowspan="1">1517962380201</td><td rowspan="1">1431</td></tr><tr class="passedodd"><td><a href="#m35">ExistingUser</a></td><td rowspan="1">1517962162624</td><td rowspan="1">5080</td></tr><tr class="passedodd"><td><a href="#m36">PwdandConfirmPasswordnotMatched</a></td><td rowspan="1">1517962234878</td><td rowspan="1">5159</td></tr><tr class="passedodd"><td><a href="#m37">SpecialChracters</a></td><td rowspan="1">1517962249924</td><td rowspan="1">4790</td></tr><tr class="passedodd"><td><a href="#m38">VerifySignInBtnTest</a></td><td rowspan="1">1517962002095</td><td rowspan="1">878</td></tr><tr class="passedodd"><td><a href="#m39">verifyRegisterNameTest</a></td><td rowspan="1">1517961934214</td><td rowspan="1">323</td></tr><tr class="passedeven"><td rowspan="4">com.jusdone.qa.testcases.TaskPageTest</td><td><a href="#m40">ClickCreateNewTaskLinkTest</a></td><td rowspan="1">1517962184507</td><td rowspan="1">4187</td></tr><tr class="passedeven"><td><a href="#m41">verifyCreateNewTaskLinkTest</a></td><td rowspan="1">1517961952747</td><td rowspan="1">3163</td></tr><tr class="passedeven"><td><a href="#m42">verifyMembersLinkTest</a></td><td rowspan="1">1517962021211</td><td rowspan="1">373</td></tr><tr class="passedeven"><td><a href="#m43">verifySettingsLinkTest</a></td><td rowspan="1">1517962116326</td><td rowspan="1">135</td></tr></tbody></table><h2>Surefire test</h2><h3 id="m0">com.jusdone.qa.testcases.DashBoardTest#ClickCreateNewTaskLinkTest</h3><table class="result"><tr><th>Exception</th></tr><tr><td><div class="stacktrace">org.openqa.selenium.ElementNotVisibleException: element not visible
  (Session info: chrome=63.0.3239.132)
  (Driver info: chromedriver=2.33.506120 (e3e53437346286c0bc2d2dc9aa4915ba81d9023f),platform=Windows NT 10.0.16299 x86_64) (WARNING: The server did not provide any stacktrace information)
Command duration or timeout: 0 milliseconds
Build info: version: &apos;3.6.0&apos;, revision: &apos;6fbf3ec767&apos;, time: &apos;2017-09-27T15:28:36.4Z&apos;
System info: host: &apos;DESKTOP-3ND57S0&apos;, ip: &apos;192.168.1.193&apos;, os.name: &apos;Windows 10&apos;, os.arch: &apos;amd64&apos;, os.version: &apos;10.0&apos;, java.version: &apos;1.8.0_151&apos;
Driver info: org.openqa.selenium.chrome.ChromeDriver
Capabilities [{mobileEmulationEnabled=false, hasTouchScreen=false, platform=XP, acceptSslCerts=true, webStorageEnabled=true, browserName=chrome, takesScreenshot=true, javascriptEnabled=true, platformName=XP, setWindowRect=true, unexpectedAlertBehaviour=, applicationCacheEnabled=false, rotatable=false, networkConnectionEnabled=false, chrome={chromedriverVersion=2.33.506120 (e3e53437346286c0bc2d2dc9aa4915ba81d9023f), userDataDir=C:\Users\Murali\AppData\Local\Temp\scoped_dir5160_17592}, takesHeapSnapshot=true, pageLoadStrategy=normal, unhandledPromptBehavior=, databaseEnabled=false, handlesAlerts=true, version=63.0.3239.132, browserConnectionEnabled=false, nativeEvents=true, locationContextEnabled=true, cssSelectorsEnabled=true}]
Session ID: 24d300fcf97d37d523b713ca0ee8f459
	at org.openqa.selenium.remote.ErrorHandler.createThrowable(ErrorHandler.java:214)
	at org.openqa.selenium.remote.ErrorHandler.throwIfResponseFailed(ErrorHandler.java:166)
	at org.openqa.selenium.remote.http.JsonHttpResponseCodec.reconstructValue(JsonHttpResponseCodec.java:40)
	at org.openqa.selenium.remote.http.AbstractHttpResponseCodec.decode(AbstractHttpResponseCodec.java:82)
	at org.openqa.selenium.remote.http.AbstractHttpResponseCodec.decode(AbstractHttpResponseCodec.java:45)
	at org.openqa.selenium.remote.HttpCommandExecutor.execute(HttpCommandExecutor.java:164)
	at org.openqa.selenium.remote.service.DriverCommandExecutor.execute(DriverCommandExecutor.java:83)
	at org.openqa.selenium.remote.RemoteWebDriver.execute(RemoteWebDriver.java:586)
	at org.openqa.selenium.remote.RemoteWebElement.execute(RemoteWebElement.java:279)
	at org.openqa.selenium.remote.RemoteWebElement.click(RemoteWebElement.java:83)
	at org.openqa.selenium.support.pagefactory.internal.LocatingElementHandler.invoke(LocatingElementHandler.java:51)
	at com.sun.proxy.$Proxy8.click(Unknown Source)
	at com.jusdone.qa.pages.DashBoardPage.ClickCreateNewTaskLink(DashBoardPage.java:190)
	at com.jusdone.qa.testcases.DashBoardTest.ClickCreateNewTaskLinkTest(DashBoardTest.java:123)
... Removed 36 stack frames</div></td></tr></table><p class="totop"><a href="#summary">back to summary</a></p><h3 id="m1">com.jusdone.qa.testcases.LoginPageTest#verifyRememberMeTest</h3><table class="result"><tr><th>Exception</th></tr><tr><td><div class="stacktrace">java.lang.AssertionError: expected [true] but found [false]
	at com.jusdone.qa.testcases.LoginPageTest.verifyRememberMeTest(LoginPageTest.java:66)
... Removed 33 stack frames</div></td></tr></table><p class="totop"><a href="#summary">back to summary</a></p><h3 id="m2">com.jusdone.qa.testcases.RegistrationPageTest#VerifyValidInputs</h3><table class="result"><tr class="param"><th>Parameter #1</th><th>Parameter #2</th><th>Parameter #3</th><th>Parameter #4</th></tr><tr class="param stripe"><td>Teja2</td><td>Teja23@yahoo.com</td><td>Teja123</td><td>Teja123</td></tr><tr><th colspan="4">Exception</th></tr><tr><td colspan="4"><div class="stacktrace">org.openqa.selenium.NoSuchElementException: no such element: Unable to locate element: {&quot;method&quot;:&quot;xpath&quot;,&quot;selector&quot;:&quot;//*[@id=&apos;sidebar&apos;]/div/p[1]&quot;}
  (Session info: chrome=63.0.3239.132)
  (Driver info: chromedriver=2.33.506120 (e3e53437346286c0bc2d2dc9aa4915ba81d9023f),platform=Windows NT 10.0.16299 x86_64) (WARNING: The server did not provide any stacktrace information)
Command duration or timeout: 0 milliseconds
For documentation on this error, please visit: http://seleniumhq.org/exceptions/no_such_element.html
Build info: version: &apos;3.6.0&apos;, revision: &apos;6fbf3ec767&apos;, time: &apos;2017-09-27T15:28:36.4Z&apos;
System info: host: &apos;DESKTOP-3ND57S0&apos;, ip: &apos;192.168.1.193&apos;, os.name: &apos;Windows 10&apos;, os.arch: &apos;amd64&apos;, os.version: &apos;10.0&apos;, java.version: &apos;1.8.0_151&apos;
Driver info: org.openqa.selenium.chrome.ChromeDriver
Capabilities [{mobileEmulationEnabled=false, hasTouchScreen=false, platform=XP, acceptSslCerts=true, webStorageEnabled=true, browserName=chrome, takesScreenshot=true, javascriptEnabled=true, platformName=XP, setWindowRect=true, unexpectedAlertBehaviour=, applicationCacheEnabled=false, rotatable=false, networkConnectionEnabled=false, chrome={chromedriverVersion=2.33.506120 (e3e53437346286c0bc2d2dc9aa4915ba81d9023f), userDataDir=C:\Users\Murali\AppData\Local\Temp\scoped_dir8088_30357}, takesHeapSnapshot=true, pageLoadStrategy=normal, unhandledPromptBehavior=, databaseEnabled=false, handlesAlerts=true, version=63.0.3239.132, browserConnectionEnabled=false, nativeEvents=true, locationContextEnabled=true, cssSelectorsEnabled=true}]
Session ID: 5dbd82ad703f7e58e34eecf1f98eabb3
*** Element info: {Using=xpath, value=//*[@id=&apos;sidebar&apos;]/div/p[1]}
	at org.openqa.selenium.remote.ErrorHandler.createThrowable(ErrorHandler.java:214)
	at org.openqa.selenium.remote.ErrorHandler.throwIfResponseFailed(ErrorHandler.java:166)
	at org.openqa.selenium.remote.http.JsonHttpResponseCodec.reconstructValue(JsonHttpResponseCodec.java:40)
	at org.openqa.selenium.remote.http.AbstractHttpResponseCodec.decode(AbstractHttpResponseCodec.java:82)
	at org.openqa.selenium.remote.http.AbstractHttpResponseCodec.decode(AbstractHttpResponseCodec.java:45)
	at org.openqa.selenium.remote.HttpCommandExecutor.execute(HttpCommandExecutor.java:164)
	at org.openqa.selenium.remote.service.DriverCommandExecutor.execute(DriverCommandExecutor.java:83)
	at org.openqa.selenium.remote.RemoteWebDriver.execute(RemoteWebDriver.java:586)
	at org.openqa.selenium.remote.RemoteWebDriver.findElement(RemoteWebDriver.java:356)
	at org.openqa.selenium.remote.RemoteWebDriver.findElementByXPath(RemoteWebDriver.java:458)
	at org.openqa.selenium.By$ByXPath.findElement(By.java:361)
	at org.openqa.selenium.remote.RemoteWebDriver.findElement(RemoteWebDriver.java:348)
	at org.openqa.selenium.support.pagefactory.DefaultElementLocator.findElement(DefaultElementLocator.java:69)
	at org.openqa.selenium.support.pagefactory.internal.LocatingElementHandler.invoke(LocatingElementHandler.java:38)
	at com.sun.proxy.$Proxy8.getWrappedElement(Unknown Source)
	at org.openqa.selenium.remote.internal.WebElementToJsonConverter.apply(WebElementToJsonConverter.java:51)
	at com.google.common.collect.Iterators$6.transform(Iterators.java:820)
	at com.google.common.collect.TransformedIterator.next(TransformedIterator.java:48)
	at com.google.common.collect.Iterators.addAll(Iterators.java:373)
	at com.google.common.collect.Lists.newArrayList(Lists.java:165)
	at com.google.common.collect.Lists.newArrayList(Lists.java:150)
	at org.openqa.selenium.remote.RemoteWebDriver.executeScript(RemoteWebDriver.java:520)
	at com.jusdone.qa.pages.RegistrationPage.VerifyValidInputs(RegistrationPage.java:114)
	at com.jusdone.qa.testcases.RegistrationPageTest.VerifyValidInputs(RegistrationPageTest.java:68)
... Removed 33 stack frames</div></td></tr></table><p class="totop"><a href="#summary">back to summary</a></p><h3 id="m3">com.jusdone.qa.testcases.DashBoardTest#ClickLogOutBtnTest</h3><table class="result"></table><p class="totop"><a href="#summary">back to summary</a></p><h3 id="m4">com.jusdone.qa.testcases.DashBoardTest#ClickTaskTabTest</h3><table class="result"></table><p class="totop"><a href="#summary">back to summary</a></p><h3 id="m5">com.jusdone.qa.testcases.DashBoardTest#CreateNewTaskLinkTest</h3><table class="result"></table><p class="totop"><a href="#summary">back to summary</a></p><h3 id="m6">com.jusdone.qa.testcases.DashBoardTest#EnteringTeamInputsTest</h3><table class="result"></table><p class="totop"><a href="#summary">back to summary</a></p><h3 id="m7">com.jusdone.qa.testcases.DashBoardTest#VerifyBellBtn</h3><table class="result"></table><p class="totop"><a href="#summary">back to summary</a></p><h3 id="m8">com.jusdone.qa.testcases.DashBoardTest#VerifyCreateNewTeamBtn</h3><table class="result"></table><p class="totop"><a href="#summary">back to summary</a></p><h3 id="m9">com.jusdone.qa.testcases.DashBoardTest#VerifyLogOutBtn</h3><table class="result"></table><p class="totop"><a href="#summary">back to summary</a></p><h3 id="m10">com.jusdone.qa.testcases.DashBoardTest#verifyDashBoardTab</h3><table class="result"></table><p class="totop"><a href="#summary">back to summary</a></p><h3 id="m11">com.jusdone.qa.testcases.DashBoardTest#verifyInvitesTab</h3><table class="result"></table><p class="totop"><a href="#summary">back to summary</a></p><h3 id="m12">com.jusdone.qa.testcases.DashBoardTest#verifyMenuBar</h3><table class="result"></table><p class="totop"><a href="#summary">back to summary</a></p><h3 id="m13">com.jusdone.qa.testcases.DashBoardTest#verifySearchBox</h3><table class="result"></table><p class="totop"><a href="#summary">back to summary</a></p><h3 id="m14">com.jusdone.qa.testcases.DashBoardTest#verifySettingsTab</h3><table class="result"></table><p class="totop"><a href="#summary">back to summary</a></p><h3 id="m15">com.jusdone.qa.testcases.DashBoardTest#verifyTaskTabTest</h3><table class="result"></table><p class="totop"><a href="#summary">back to summary</a></p><h3 id="m16">com.jusdone.qa.testcases.DashBoardTest#verifyTeamsLabel</h3><table class="result"></table><p class="totop"><a href="#summary">back to summary</a></p><h3 id="m17">com.jusdone.qa.testcases.DashBoardTest#verifyTeamsTab</h3><table class="result"></table><p class="totop"><a href="#summary">back to summary</a></p><h3 id="m18">com.jusdone.qa.testcases.DashBoardTest#verifyUserNameTest</h3><table class="result"></table><p class="totop"><a href="#summary">back to summary</a></p><h3 id="m19">com.jusdone.qa.testcases.LandingPageTest#AboutusLogoTest</h3><table class="result"></table><p class="totop"><a href="#summary">back to summary</a></p><h3 id="m20">com.jusdone.qa.testcases.LandingPageTest#Clickbtn1Test</h3><table class="result"></table><p class="totop"><a href="#summary">back to summary</a></p><h3 id="m21">com.jusdone.qa.testcases.LandingPageTest#ClickbtnTest</h3><table class="result"></table><p class="totop"><a href="#summary">back to summary</a></p><h3 id="m22">com.jusdone.qa.testcases.LandingPageTest#ContactusLogoTest</h3><table class="result"></table><p class="totop"><a href="#summary">back to summary</a></p><h3 id="m23">com.jusdone.qa.testcases.LandingPageTest#Landingpagetitletest</h3><table class="result"></table><p class="totop"><a href="#summary">back to summary</a></p><h3 id="m24">com.jusdone.qa.testcases.LandingPageTest#LoginLogoTest</h3><table class="result"></table><p class="totop"><a href="#summary">back to summary</a></p><h3 id="m25">com.jusdone.qa.testcases.LandingPageTest#SignUpLogoTest</h3><table class="result"></table><p class="totop"><a href="#summary">back to summary</a></p><h3 id="m26">com.jusdone.qa.testcases.LoginPageTest#BlankEmailTest</h3><table class="result"></table><p class="totop"><a href="#summary">back to summary</a></p><h3 id="m27">com.jusdone.qa.testcases.LoginPageTest#InValidLoginTest</h3><table class="result"></table><p class="totop"><a href="#summary">back to summary</a></p><h3 id="m28">com.jusdone.qa.testcases.LoginPageTest#ValidLoginTest</h3><table class="result"></table><p class="totop"><a href="#summary">back to summary</a></p><h3 id="m29">com.jusdone.qa.testcases.LoginPageTest#verifyCtrAnAcctTest</h3><table class="result"></table><p class="totop"><a href="#summary">back to summary</a></p><h3 id="m30">com.jusdone.qa.testcases.LoginPageTest#verifyForgotPasswordTest</h3><table class="result"></table><p class="totop"><a href="#summary">back to summary</a></p><h3 id="m31">com.jusdone.qa.testcases.LoginPageTest#verifyLoginBtnTest</h3><table class="result"></table><p class="totop"><a href="#summary">back to summary</a></p><h3 id="m32">com.jusdone.qa.testcases.LoginPageTest#verifyLoginNameTest</h3><table class="result"></table><p class="totop"><a href="#summary">back to summary</a></p><h3 id="m33">com.jusdone.qa.testcases.RegistrationPageTest#BlankNameField</h3><table class="result"><tr class="param"><th>Parameter #1</th><th>Parameter #2</th><th>Parameter #3</th><th>Parameter #4</th></tr><tr class="param stripe"><td>Teja1</td><td></td><td>Teja123</td><td>Teja123</td></tr></table><p class="totop"><a href="#summary">back to summary</a></p><h3 id="m34">com.jusdone.qa.testcases.RegistrationPageTest#ClickSignInBtnTest</h3><table class="result"></table><p class="totop"><a href="#summary">back to summary</a></p><h3 id="m35">com.jusdone.qa.testcases.RegistrationPageTest#ExistingUser</h3><table class="result"><tr class="param"><th>Parameter #1</th><th>Parameter #2</th><th>Parameter #3</th><th>Parameter #4</th></tr><tr class="param stripe"><td>Teja</td><td>Teja@yahoo.com</td><td>Teja123</td><td>Teja123</td></tr></table><p class="totop"><a href="#summary">back to summary</a></p><h3 id="m36">com.jusdone.qa.testcases.RegistrationPageTest#PwdandConfirmPasswordnotMatched</h3><table class="result"><tr class="param"><th>Parameter #1</th><th>Parameter #2</th><th>Parameter #3</th><th>Parameter #4</th></tr><tr class="param stripe"><td>Tejas</td><td>Tejas@yahoo.com</td><td>Teja123</td><td>Teja124</td></tr></table><p class="totop"><a href="#summary">back to summary</a></p><h3 id="m37">com.jusdone.qa.testcases.RegistrationPageTest#SpecialChracters</h3><table class="result"><tr class="param"><th>Parameter #1</th><th>Parameter #2</th><th>Parameter #3</th><th>Parameter #4</th></tr><tr class="param stripe"><td>1@$skddd#$</td><td>1kj43#(%@yahoo.com</td><td>Teja123</td><td>Teja123</td></tr></table><p class="totop"><a href="#summary">back to summary</a></p><h3 id="m38">com.jusdone.qa.testcases.RegistrationPageTest#VerifySignInBtnTest</h3><table class="result"></table><p class="totop"><a href="#summary">back to summary</a></p><h3 id="m39">com.jusdone.qa.testcases.RegistrationPageTest#verifyRegisterNameTest</h3><table class="result"></table><p class="totop"><a href="#summary">back to summary</a></p><h3 id="m40">com.jusdone.qa.testcases.TaskPageTest#ClickCreateNewTaskLinkTest</h3><table class="result"></table><p class="totop"><a href="#summary">back to summary</a></p><h3 id="m41">com.jusdone.qa.testcases.TaskPageTest#verifyCreateNewTaskLinkTest</h3><table class="result"></table><p class="totop"><a href="#summary">back to summary</a></p><h3 id="m42">com.jusdone.qa.testcases.TaskPageTest#verifyMembersLinkTest</h3><table class="result"></table><p class="totop"><a href="#summary">back to summary</a></p><h3 id="m43">com.jusdone.qa.testcases.TaskPageTest#verifySettingsLinkTest</h3><table class="result"></table><p class="totop"><a href="#summary">back to summary</a></p></body></html>