<?xml version="1.0" encoding="UTF-8"?>
<!-- Generated by org.testng.reporters.JUnitXMLReporter -->
<testsuite hostname="DESKTOP-3ND57S0" ignored="0" name="DashBoardTest" tests="17" failures="1" timestamp="06 Feb 2018 03:19:57 GMT" time="19.282" errors="0">
  <testcase name="verifyUserNameTest" time="0.072" classname="com.jusdone.qa.testcases.DashBoardTest"/>
  <testcase name="verifySearchBox" time="0.06" classname="com.jusdone.qa.testcases.DashBoardTest"/>
  <testcase name="verifyTeamsLabel" time="0.069" classname="com.jusdone.qa.testcases.DashBoardTest"/>
  <testcase name="verifyDashBoardTab" time="0.048" classname="com.jusdone.qa.testcases.DashBoardTest"/>
  <testcase name="verifyTaskTabTest" time="0.062" classname="com.jusdone.qa.testcases.DashBoardTest"/>
  <testcase name="verifyTeamsTab" time="0.055" classname="com.jusdone.qa.testcases.DashBoardTest"/>
  <testcase name="verifyInvitesTab" time="0.048" classname="com.jusdone.qa.testcases.DashBoardTest"/>
  <testcase name="verifySettingsTab" time="0.05" classname="com.jusdone.qa.testcases.DashBoardTest"/>
  <testcase name="verifyMenuBar" time="0.059" classname="com.jusdone.qa.testcases.DashBoardTest"/>
  <testcase name="VerifyBellBtn" time="0.07" classname="com.jusdone.qa.testcases.DashBoardTest"/>
  <testcase name="VerifyCreateNewTeamBtn" time="0.116" classname="com.jusdone.qa.testcases.DashBoardTest"/>
  <testcase name="VerifyLogOutBtn" time="0.088" classname="com.jusdone.qa.testcases.DashBoardTest"/>
  <testcase name="EnteringTeamInputsTest" time="2.953" classname="com.jusdone.qa.testcases.DashBoardTest"/>
  <testcase name="CreateNewTaskLinkTest" time="0.076" classname="com.jusdone.qa.testcases.DashBoardTest"/>
  <testcase name="ClickCreateNewTaskLinkTest" time="0.051" classname="com.jusdone.qa.testcases.DashBoardTest">
    <failure type="org.openqa.selenium.ElementNotVisibleException" message="element not visible
  (Session info: chrome=63.0.3239.132)
  (Driver info: chromedriver=2.33.506120 (e3e53437346286c0bc2d2dc9aa4915ba81d9023f),platform=Windows NT 10.0.16299 x86_64) (WARNING: The server did not provide any stacktrace information)
Command duration or timeout: 0 milliseconds
Build info: version: &amp;apos;3.6.0&amp;apos;, revision: &amp;apos;6fbf3ec767&amp;apos;, time: &amp;apos;2017-09-27T15:28:36.4Z&amp;apos;
System info: host: &amp;apos;DESKTOP-3ND57S0&amp;apos;, ip: &amp;apos;192.168.1.193&amp;apos;, os.name: &amp;apos;Windows 10&amp;apos;, os.arch: &amp;apos;amd64&amp;apos;, os.version: &amp;apos;10.0&amp;apos;, java.version: &amp;apos;1.8.0_151&amp;apos;
Driver info: org.openqa.selenium.chrome.ChromeDriver
Capabilities [{mobileEmulationEnabled=false, hasTouchScreen=false, platform=XP, acceptSslCerts=true, webStorageEnabled=true, browserName=chrome, takesScreenshot=true, javascriptEnabled=true, platformName=XP, setWindowRect=true, unexpectedAlertBehaviour=, applicationCacheEnabled=false, rotatable=false, networkConnectionEnabled=false, chrome={chromedriverVersion=2.33.506120 (e3e53437346286c0bc2d2dc9aa4915ba81d9023f), userDataDir=C:\Users\Murali\AppData\Local\Temp\scoped_dir10396_22267}, takesHeapSnapshot=true, pageLoadStrategy=normal, unhandledPromptBehavior=, databaseEnabled=false, handlesAlerts=true, version=63.0.3239.132, browserConnectionEnabled=false, nativeEvents=true, locationContextEnabled=true, cssSelectorsEnabled=true}]
Session ID: fec3b6b74ecb859e304bd48b0a4882d5">
      <![CDATA[org.openqa.selenium.ElementNotVisibleException: element not visible
  (Session info: chrome=63.0.3239.132)
  (Driver info: chromedriver=2.33.506120 (e3e53437346286c0bc2d2dc9aa4915ba81d9023f),platform=Windows NT 10.0.16299 x86_64) (WARNING: The server did not provide any stacktrace information)
Command duration or timeout: 0 milliseconds
Build info: version: '3.6.0', revision: '6fbf3ec767', time: '2017-09-27T15:28:36.4Z'
System info: host: 'DESKTOP-3ND57S0', ip: '192.168.1.193', os.name: 'Windows 10', os.arch: 'amd64', os.version: '10.0', java.version: '1.8.0_151'
Driver info: org.openqa.selenium.chrome.ChromeDriver
Capabilities [{mobileEmulationEnabled=false, hasTouchScreen=false, platform=XP, acceptSslCerts=true, webStorageEnabled=true, browserName=chrome, takesScreenshot=true, javascriptEnabled=true, platformName=XP, setWindowRect=true, unexpectedAlertBehaviour=, applicationCacheEnabled=false, rotatable=false, networkConnectionEnabled=false, chrome={chromedriverVersion=2.33.506120 (e3e53437346286c0bc2d2dc9aa4915ba81d9023f), userDataDir=C:\Users\Murali\AppData\Local\Temp\scoped_dir10396_22267}, takesHeapSnapshot=true, pageLoadStrategy=normal, unhandledPromptBehavior=, databaseEnabled=false, handlesAlerts=true, version=63.0.3239.132, browserConnectionEnabled=false, nativeEvents=true, locationContextEnabled=true, cssSelectorsEnabled=true}]
Session ID: fec3b6b74ecb859e304bd48b0a4882d5
	at org.openqa.selenium.remote.ErrorHandler.createThrowable(ErrorHandler.java:214)
	at org.openqa.selenium.remote.ErrorHandler.throwIfResponseFailed(ErrorHandler.java:166)
	at org.openqa.selenium.remote.http.JsonHttpResponseCodec.reconstructValue(JsonHttpResponseCodec.java:40)
	at org.openqa.selenium.remote.http.AbstractHttpResponseCodec.decode(AbstractHttpResponseCodec.java:82)
	at org.openqa.selenium.remote.http.AbstractHttpResponseCodec.decode(AbstractHttpResponseCodec.java:45)
	at org.openqa.selenium.remote.HttpCommandExecutor.execute(HttpCommandExecutor.java:164)
	at org.openqa.selenium.remote.service.DriverCommandExecutor.execute(DriverCommandExecutor.java:83)
	at org.openqa.selenium.remote.RemoteWebDriver.execute(RemoteWebDriver.java:586)
	at org.openqa.selenium.remote.RemoteWebElement.execute(RemoteWebElement.java:279)
	at org.openqa.selenium.remote.RemoteWebElement.click(RemoteWebElement.java:83)
	at org.openqa.selenium.support.pagefactory.internal.LocatingElementHandler.invoke(LocatingElementHandler.java:51)
	at com.sun.proxy.$Proxy12.click(Unknown Source)
	at com.jusdone.qa.pages.DashBoardPage.ClickCreateNewTaskLink(DashBoardPage.java:190)
	at com.jusdone.qa.testcases.DashBoardTest.ClickCreateNewTaskLinkTest(DashBoardTest.java:122)
... Removed 32 stack frames]]>
    </failure>
  </testcase> <!-- ClickCreateNewTaskLinkTest -->
  <testcase name="ClickTaskTabTest" time="1.122" classname="com.jusdone.qa.testcases.DashBoardTest"/>
  <testcase name="ClickLogOutBtnTest" time="1.012" classname="com.jusdone.qa.testcases.DashBoardTest"/>
</testsuite> <!-- DashBoardTest -->
