<?xml version="1.0" encoding="UTF-8"?>
<!-- Generated by org.testng.reporters.JUnitXMLReporter -->
<testsuite hostname="DESKTOP-3ND57S0" ignored="0" name="LoginpageTest" tests="8" failures="1" timestamp="06 Feb 2018 03:19:37 GMT" time="84.895" errors="0">
  <testcase name="verifyLoginNameTest" time="0.092" classname="com.jusdone.qa.testcases.LoginPageTest"/>
  <testcase name="verifyLoginBtnTest" time="0.137" classname="com.jusdone.qa.testcases.LoginPageTest"/>
  <testcase name="verifyForgotPasswordTest" time="0.079" classname="com.jusdone.qa.testcases.LoginPageTest"/>
  <testcase name="verifyCtrAnAcctTest" time="0.083" classname="com.jusdone.qa.testcases.LoginPageTest"/>
  <testcase name="verifyRememberMeTest" time="0.083" classname="com.jusdone.qa.testcases.LoginPageTest">
    <failure type="java.lang.AssertionError" message="expected [true] but found [false]">
      <![CDATA[java.lang.AssertionError: expected [true] but found [false]
	at com.jusdone.qa.testcases.LoginPageTest.verifyRememberMeTest(LoginPageTest.java:66)
... Removed 29 stack frames]]>
    </failure>
  </testcase> <!-- verifyRememberMeTest -->
  <testcase name="ValidLoginTest" time="4.393" classname="com.jusdone.qa.testcases.LoginPageTest"/>
  <testcase name="InValidLoginTest" time="1.652" classname="com.jusdone.qa.testcases.LoginPageTest"/>
  <testcase name="BlankEmailTest" time="0.972" classname="com.jusdone.qa.testcases.LoginPageTest"/>
</testsuite> <!-- LoginpageTest -->
